2024-10-02 09:56:52.019 [info] Extension host with pid 132732 started
2024-10-02 09:56:52.019 [info] Skipping acquiring lock for /home/kali/Desktop/GSANM/~/.vscode-root/User/workspaceStorage/4c8ba770d14b27a24c4b625fef88af3d.
2024-10-02 09:56:52.650 [info] ExtensionService#_doActivateExtension vscode.emmet, startup: false, activationEvent: 'onLanguage'
2024-10-02 09:56:52.698 [info] ExtensionService#_doActivateExtension ms-python.python, startup: false, activationEvent: 'onLanguage:python', root cause: ms-python.debugpy
2024-10-02 09:56:54.237 [info] ExtensionService#_doActivateExtension vscode.git-base, startup: true, activationEvent: '*', root cause: vscode.git
2024-10-02 09:56:55.341 [info] ExtensionService#_doActivateExtension vscode.git, startup: true, activationEvent: '*'
2024-10-02 09:56:55.791 [info] ExtensionService#_doActivateExtension vscode.github, startup: true, activationEvent: '*'
2024-10-02 09:56:55.890 [info] ExtensionService#_doActivateExtension ms-python.debugpy, startup: false, activationEvent: 'onLanguage:python'
2024-10-02 09:56:56.136 [info] ExtensionService#_doActivateExtension ms-python.vscode-pylance, startup: false, activationEvent: 'onLanguage:python'
2024-10-02 09:56:58.295 [info] Eager extensions activated
2024-10-02 09:56:58.619 [info] ExtensionService#_doActivateExtension vscode.debug-auto-launch, startup: false, activationEvent: 'onStartupFinished'
2024-10-02 09:56:58.643 [info] ExtensionService#_doActivateExtension vscode.merge-conflict, startup: false, activationEvent: 'onStartupFinished'
2024-10-02 09:56:59.988 [info] ExtensionService#_doActivateExtension vscode.github-authentication, startup: false, activationEvent: 'onAuthenticationRequest:github'
2024-10-02 09:59:53.254 [info] Extension host terminating: renderer closed the MessagePort
2024-10-02 09:59:53.965 [error] Canceled: Canceled
	at Object.f [as $0] (/usr/share/code/resources/app/out/vs/workbench/api/node/extensionHostProcess.js:10:1082)
	at /usr/share/code/resources/app/out/vs/workbench/api/node/extensionHostProcess.js:158:2406
	at Array.forEach (<anonymous>)
	at y.dispose (/usr/share/code/resources/app/out/vs/workbench/api/node/extensionHostProcess.js:158:2344)
	at m.terminate (/usr/share/code/resources/app/out/vs/workbench/api/node/extensionHostProcess.js:167:8389)
	at $.terminate (/usr/share/code/resources/app/out/vs/workbench/api/node/extensionHostProcess.js:171:1513)
	at n (/usr/share/code/resources/app/out/vs/workbench/api/node/extensionHostProcess.js:184:10613)
	at MessagePortMain.<anonymous> (/usr/share/code/resources/app/out/vs/workbench/api/node/extensionHostProcess.js:184:6805)
	at MessagePortMain.emit (node:events:519:28)
	at MessagePortMain._internalPort.emit (node:electron/js2c/utility_init:2:2619) setContext undefined
2024-10-02 09:59:53.965 [error] Canceled: Canceled
	at Object.f [as $0] (/usr/share/code/resources/app/out/vs/workbench/api/node/extensionHostProcess.js:10:1082)
	at /usr/share/code/resources/app/out/vs/workbench/api/node/extensionHostProcess.js:158:2406
	at Array.forEach (<anonymous>)
	at y.dispose (/usr/share/code/resources/app/out/vs/workbench/api/node/extensionHostProcess.js:158:2344)
	at m.terminate (/usr/share/code/resources/app/out/vs/workbench/api/node/extensionHostProcess.js:167:8389)
	at $.terminate (/usr/share/code/resources/app/out/vs/workbench/api/node/extensionHostProcess.js:171:1513)
	at n (/usr/share/code/resources/app/out/vs/workbench/api/node/extensionHostProcess.js:184:10613)
	at MessagePortMain.<anonymous> (/usr/share/code/resources/app/out/vs/workbench/api/node/extensionHostProcess.js:184:6805)
	at MessagePortMain.emit (node:events:519:28)
	at MessagePortMain._internalPort.emit (node:electron/js2c/utility_init:2:2619) setContext undefined
2024-10-02 09:59:53.965 [error] Canceled: Canceled
	at Object.f [as $0] (/usr/share/code/resources/app/out/vs/workbench/api/node/extensionHostProcess.js:10:1082)
	at /usr/share/code/resources/app/out/vs/workbench/api/node/extensionHostProcess.js:158:2406
	at Array.forEach (<anonymous>)
	at y.dispose (/usr/share/code/resources/app/out/vs/workbench/api/node/extensionHostProcess.js:158:2344)
	at m.terminate (/usr/share/code/resources/app/out/vs/workbench/api/node/extensionHostProcess.js:167:8389)
	at $.terminate (/usr/share/code/resources/app/out/vs/workbench/api/node/extensionHostProcess.js:171:1513)
	at n (/usr/share/code/resources/app/out/vs/workbench/api/node/extensionHostProcess.js:184:10613)
	at MessagePortMain.<anonymous> (/usr/share/code/resources/app/out/vs/workbench/api/node/extensionHostProcess.js:184:6805)
	at MessagePortMain.emit (node:events:519:28)
	at MessagePortMain._internalPort.emit (node:electron/js2c/utility_init:2:2619) setContext undefined
2024-10-02 09:59:53.966 [error] Canceled: Canceled
	at Object.f [as $0] (/usr/share/code/resources/app/out/vs/workbench/api/node/extensionHostProcess.js:10:1082)
	at /usr/share/code/resources/app/out/vs/workbench/api/node/extensionHostProcess.js:158:2406
	at Array.forEach (<anonymous>)
	at y.dispose (/usr/share/code/resources/app/out/vs/workbench/api/node/extensionHostProcess.js:158:2344)
	at m.terminate (/usr/share/code/resources/app/out/vs/workbench/api/node/extensionHostProcess.js:167:8389)
	at $.terminate (/usr/share/code/resources/app/out/vs/workbench/api/node/extensionHostProcess.js:171:1513)
	at n (/usr/share/code/resources/app/out/vs/workbench/api/node/extensionHostProcess.js:184:10613)
	at MessagePortMain.<anonymous> (/usr/share/code/resources/app/out/vs/workbench/api/node/extensionHostProcess.js:184:6805)
	at MessagePortMain.emit (node:events:519:28)
	at MessagePortMain._internalPort.emit (node:electron/js2c/utility_init:2:2619) setContext undefined
2024-10-02 09:59:53.966 [error] Canceled: Canceled
	at Object.f [as $0] (/usr/share/code/resources/app/out/vs/workbench/api/node/extensionHostProcess.js:10:1082)
	at /usr/share/code/resources/app/out/vs/workbench/api/node/extensionHostProcess.js:158:2406
	at Array.forEach (<anonymous>)
	at y.dispose (/usr/share/code/resources/app/out/vs/workbench/api/node/extensionHostProcess.js:158:2344)
	at m.terminate (/usr/share/code/resources/app/out/vs/workbench/api/node/extensionHostProcess.js:167:8389)
	at $.terminate (/usr/share/code/resources/app/out/vs/workbench/api/node/extensionHostProcess.js:171:1513)
	at n (/usr/share/code/resources/app/out/vs/workbench/api/node/extensionHostProcess.js:184:10613)
	at MessagePortMain.<anonymous> (/usr/share/code/resources/app/out/vs/workbench/api/node/extensionHostProcess.js:184:6805)
	at MessagePortMain.emit (node:events:519:28)
	at MessagePortMain._internalPort.emit (node:electron/js2c/utility_init:2:2619) setContext undefined
2024-10-02 09:59:53.975 [error] Canceled: Canceled
	at Object.f [as $0] (/usr/share/code/resources/app/out/vs/workbench/api/node/extensionHostProcess.js:10:1082)
	at /usr/share/code/resources/app/out/vs/workbench/api/node/extensionHostProcess.js:158:2406
	at Array.forEach (<anonymous>)
	at y.dispose (/usr/share/code/resources/app/out/vs/workbench/api/node/extensionHostProcess.js:158:2344)
	at m.terminate (/usr/share/code/resources/app/out/vs/workbench/api/node/extensionHostProcess.js:167:8389)
	at $.terminate (/usr/share/code/resources/app/out/vs/workbench/api/node/extensionHostProcess.js:171:1513)
	at n (/usr/share/code/resources/app/out/vs/workbench/api/node/extensionHostProcess.js:184:10613)
	at MessagePortMain.<anonymous> (/usr/share/code/resources/app/out/vs/workbench/api/node/extensionHostProcess.js:184:6805)
	at MessagePortMain.emit (node:events:519:28)
	at MessagePortMain._internalPort.emit (node:electron/js2c/utility_init:2:2619) setContext undefined
2024-10-02 09:59:53.976 [error] Canceled: Canceled
	at Object.f [as $0] (/usr/share/code/resources/app/out/vs/workbench/api/node/extensionHostProcess.js:10:1082)
	at /usr/share/code/resources/app/out/vs/workbench/api/node/extensionHostProcess.js:158:2406
	at Array.forEach (<anonymous>)
	at y.dispose (/usr/share/code/resources/app/out/vs/workbench/api/node/extensionHostProcess.js:158:2344)
	at m.terminate (/usr/share/code/resources/app/out/vs/workbench/api/node/extensionHostProcess.js:167:8389)
	at $.terminate (/usr/share/code/resources/app/out/vs/workbench/api/node/extensionHostProcess.js:171:1513)
	at n (/usr/share/code/resources/app/out/vs/workbench/api/node/extensionHostProcess.js:184:10613)
	at MessagePortMain.<anonymous> (/usr/share/code/resources/app/out/vs/workbench/api/node/extensionHostProcess.js:184:6805)
	at MessagePortMain.emit (node:events:519:28)
	at MessagePortMain._internalPort.emit (node:electron/js2c/utility_init:2:2619) setContext undefined
2024-10-02 09:59:53.976 [error] Canceled: Canceled
	at Object.f [as $0] (/usr/share/code/resources/app/out/vs/workbench/api/node/extensionHostProcess.js:10:1082)
	at /usr/share/code/resources/app/out/vs/workbench/api/node/extensionHostProcess.js:158:2406
	at Array.forEach (<anonymous>)
	at y.dispose (/usr/share/code/resources/app/out/vs/workbench/api/node/extensionHostProcess.js:158:2344)
	at m.terminate (/usr/share/code/resources/app/out/vs/workbench/api/node/extensionHostProcess.js:167:8389)
	at $.terminate (/usr/share/code/resources/app/out/vs/workbench/api/node/extensionHostProcess.js:171:1513)
	at n (/usr/share/code/resources/app/out/vs/workbench/api/node/extensionHostProcess.js:184:10613)
	at MessagePortMain.<anonymous> (/usr/share/code/resources/app/out/vs/workbench/api/node/extensionHostProcess.js:184:6805)
	at MessagePortMain.emit (node:events:519:28)
	at MessagePortMain._internalPort.emit (node:electron/js2c/utility_init:2:2619) setContext undefined
2024-10-02 09:59:54.002 [error] Canceled: Canceled
	at Object.f [as $0] (/usr/share/code/resources/app/out/vs/workbench/api/node/extensionHostProcess.js:10:1082)
	at /usr/share/code/resources/app/out/vs/workbench/api/node/extensionHostProcess.js:158:2406
	at Array.forEach (<anonymous>)
	at y.dispose (/usr/share/code/resources/app/out/vs/workbench/api/node/extensionHostProcess.js:158:2344)
	at m.terminate (/usr/share/code/resources/app/out/vs/workbench/api/node/extensionHostProcess.js:167:8389)
	at $.terminate (/usr/share/code/resources/app/out/vs/workbench/api/node/extensionHostProcess.js:171:1513)
	at n (/usr/share/code/resources/app/out/vs/workbench/api/node/extensionHostProcess.js:184:10613)
	at MessagePortMain.<anonymous> (/usr/share/code/resources/app/out/vs/workbench/api/node/extensionHostProcess.js:184:6805)
	at MessagePortMain.emit (node:events:519:28)
	at MessagePortMain._internalPort.emit (node:electron/js2c/utility_init:2:2619) setContext undefined
2024-10-02 09:59:54.002 [error] Canceled: Canceled
	at Object.f [as $0] (/usr/share/code/resources/app/out/vs/workbench/api/node/extensionHostProcess.js:10:1082)
	at /usr/share/code/resources/app/out/vs/workbench/api/node/extensionHostProcess.js:158:2406
	at Array.forEach (<anonymous>)
	at y.dispose (/usr/share/code/resources/app/out/vs/workbench/api/node/extensionHostProcess.js:158:2344)
	at m.terminate (/usr/share/code/resources/app/out/vs/workbench/api/node/extensionHostProcess.js:167:8389)
	at $.terminate (/usr/share/code/resources/app/out/vs/workbench/api/node/extensionHostProcess.js:171:1513)
	at n (/usr/share/code/resources/app/out/vs/workbench/api/node/extensionHostProcess.js:184:10613)
	at MessagePortMain.<anonymous> (/usr/share/code/resources/app/out/vs/workbench/api/node/extensionHostProcess.js:184:6805)
	at MessagePortMain.emit (node:events:519:28)
	at MessagePortMain._internalPort.emit (node:electron/js2c/utility_init:2:2619) setContext undefined
2024-10-02 09:59:54.003 [error] Canceled: Canceled
	at Object.f [as $0] (/usr/share/code/resources/app/out/vs/workbench/api/node/extensionHostProcess.js:10:1082)
	at /usr/share/code/resources/app/out/vs/workbench/api/node/extensionHostProcess.js:158:2406
	at Array.forEach (<anonymous>)
	at y.dispose (/usr/share/code/resources/app/out/vs/workbench/api/node/extensionHostProcess.js:158:2344)
	at m.terminate (/usr/share/code/resources/app/out/vs/workbench/api/node/extensionHostProcess.js:167:8389)
	at $.terminate (/usr/share/code/resources/app/out/vs/workbench/api/node/extensionHostProcess.js:171:1513)
	at n (/usr/share/code/resources/app/out/vs/workbench/api/node/extensionHostProcess.js:184:10613)
	at MessagePortMain.<anonymous> (/usr/share/code/resources/app/out/vs/workbench/api/node/extensionHostProcess.js:184:6805)
	at MessagePortMain.emit (node:events:519:28)
	at MessagePortMain._internalPort.emit (node:electron/js2c/utility_init:2:2619) setContext undefined
2024-10-02 09:59:54.003 [error] Canceled: Canceled
	at Object.f [as $0] (/usr/share/code/resources/app/out/vs/workbench/api/node/extensionHostProcess.js:10:1082)
	at /usr/share/code/resources/app/out/vs/workbench/api/node/extensionHostProcess.js:158:2406
	at Array.forEach (<anonymous>)
	at y.dispose (/usr/share/code/resources/app/out/vs/workbench/api/node/extensionHostProcess.js:158:2344)
	at m.terminate (/usr/share/code/resources/app/out/vs/workbench/api/node/extensionHostProcess.js:167:8389)
	at $.terminate (/usr/share/code/resources/app/out/vs/workbench/api/node/extensionHostProcess.js:171:1513)
	at n (/usr/share/code/resources/app/out/vs/workbench/api/node/extensionHostProcess.js:184:10613)
	at MessagePortMain.<anonymous> (/usr/share/code/resources/app/out/vs/workbench/api/node/extensionHostProcess.js:184:6805)
	at MessagePortMain.emit (node:events:519:28)
	at MessagePortMain._internalPort.emit (node:electron/js2c/utility_init:2:2619) setContext undefined
2024-10-02 09:59:54.003 [error] Canceled: Canceled
	at Object.f [as $0] (/usr/share/code/resources/app/out/vs/workbench/api/node/extensionHostProcess.js:10:1082)
	at /usr/share/code/resources/app/out/vs/workbench/api/node/extensionHostProcess.js:158:2406
	at Array.forEach (<anonymous>)
	at y.dispose (/usr/share/code/resources/app/out/vs/workbench/api/node/extensionHostProcess.js:158:2344)
	at m.terminate (/usr/share/code/resources/app/out/vs/workbench/api/node/extensionHostProcess.js:167:8389)
	at $.terminate (/usr/share/code/resources/app/out/vs/workbench/api/node/extensionHostProcess.js:171:1513)
	at n (/usr/share/code/resources/app/out/vs/workbench/api/node/extensionHostProcess.js:184:10613)
	at MessagePortMain.<anonymous> (/usr/share/code/resources/app/out/vs/workbench/api/node/extensionHostProcess.js:184:6805)
	at MessagePortMain.emit (node:events:519:28)
	at MessagePortMain._internalPort.emit (node:electron/js2c/utility_init:2:2619) setContext undefined
2024-10-02 09:59:54.003 [error] Canceled: Canceled
	at Object.f [as $0] (/usr/share/code/resources/app/out/vs/workbench/api/node/extensionHostProcess.js:10:1082)
	at /usr/share/code/resources/app/out/vs/workbench/api/node/extensionHostProcess.js:158:2406
	at Array.forEach (<anonymous>)
	at y.dispose (/usr/share/code/resources/app/out/vs/workbench/api/node/extensionHostProcess.js:158:2344)
	at m.terminate (/usr/share/code/resources/app/out/vs/workbench/api/node/extensionHostProcess.js:167:8389)
	at $.terminate (/usr/share/code/resources/app/out/vs/workbench/api/node/extensionHostProcess.js:171:1513)
	at n (/usr/share/code/resources/app/out/vs/workbench/api/node/extensionHostProcess.js:184:10613)
	at MessagePortMain.<anonymous> (/usr/share/code/resources/app/out/vs/workbench/api/node/extensionHostProcess.js:184:6805)
	at MessagePortMain.emit (node:events:519:28)
	at MessagePortMain._internalPort.emit (node:electron/js2c/utility_init:2:2619) setContext undefined
2024-10-02 09:59:54.003 [error] Canceled: Canceled
	at Object.f [as $0] (/usr/share/code/resources/app/out/vs/workbench/api/node/extensionHostProcess.js:10:1082)
	at /usr/share/code/resources/app/out/vs/workbench/api/node/extensionHostProcess.js:158:2406
	at Array.forEach (<anonymous>)
	at y.dispose (/usr/share/code/resources/app/out/vs/workbench/api/node/extensionHostProcess.js:158:2344)
	at m.terminate (/usr/share/code/resources/app/out/vs/workbench/api/node/extensionHostProcess.js:167:8389)
	at $.terminate (/usr/share/code/resources/app/out/vs/workbench/api/node/extensionHostProcess.js:171:1513)
	at n (/usr/share/code/resources/app/out/vs/workbench/api/node/extensionHostProcess.js:184:10613)
	at MessagePortMain.<anonymous> (/usr/share/code/resources/app/out/vs/workbench/api/node/extensionHostProcess.js:184:6805)
	at MessagePortMain.emit (node:events:519:28)
	at MessagePortMain._internalPort.emit (node:electron/js2c/utility_init:2:2619) setContext undefined
2024-10-02 09:59:54.003 [error] Canceled: Canceled
	at Object.f [as $0] (/usr/share/code/resources/app/out/vs/workbench/api/node/extensionHostProcess.js:10:1082)
	at /usr/share/code/resources/app/out/vs/workbench/api/node/extensionHostProcess.js:158:2406
	at Array.forEach (<anonymous>)
	at y.dispose (/usr/share/code/resources/app/out/vs/workbench/api/node/extensionHostProcess.js:158:2344)
	at m.terminate (/usr/share/code/resources/app/out/vs/workbench/api/node/extensionHostProcess.js:167:8389)
	at $.terminate (/usr/share/code/resources/app/out/vs/workbench/api/node/extensionHostProcess.js:171:1513)
	at n (/usr/share/code/resources/app/out/vs/workbench/api/node/extensionHostProcess.js:184:10613)
	at MessagePortMain.<anonymous> (/usr/share/code/resources/app/out/vs/workbench/api/node/extensionHostProcess.js:184:6805)
	at MessagePortMain.emit (node:events:519:28)
	at MessagePortMain._internalPort.emit (node:electron/js2c/utility_init:2:2619) setContext undefined
2024-10-02 09:59:54.003 [error] Canceled: Canceled
	at Object.f [as $0] (/usr/share/code/resources/app/out/vs/workbench/api/node/extensionHostProcess.js:10:1082)
	at /usr/share/code/resources/app/out/vs/workbench/api/node/extensionHostProcess.js:158:2406
	at Array.forEach (<anonymous>)
	at y.dispose (/usr/share/code/resources/app/out/vs/workbench/api/node/extensionHostProcess.js:158:2344)
	at m.terminate (/usr/share/code/resources/app/out/vs/workbench/api/node/extensionHostProcess.js:167:8389)
	at $.terminate (/usr/share/code/resources/app/out/vs/workbench/api/node/extensionHostProcess.js:171:1513)
	at n (/usr/share/code/resources/app/out/vs/workbench/api/node/extensionHostProcess.js:184:10613)
	at MessagePortMain.<anonymous> (/usr/share/code/resources/app/out/vs/workbench/api/node/extensionHostProcess.js:184:6805)
	at MessagePortMain.emit (node:events:519:28)
	at MessagePortMain._internalPort.emit (node:electron/js2c/utility_init:2:2619) setContext undefined
2024-10-02 09:59:54.003 [error] Canceled: Canceled
	at Object.f [as $0] (/usr/share/code/resources/app/out/vs/workbench/api/node/extensionHostProcess.js:10:1082)
	at /usr/share/code/resources/app/out/vs/workbench/api/node/extensionHostProcess.js:158:2406
	at Array.forEach (<anonymous>)
	at y.dispose (/usr/share/code/resources/app/out/vs/workbench/api/node/extensionHostProcess.js:158:2344)
	at m.terminate (/usr/share/code/resources/app/out/vs/workbench/api/node/extensionHostProcess.js:167:8389)
	at $.terminate (/usr/share/code/resources/app/out/vs/workbench/api/node/extensionHostProcess.js:171:1513)
	at n (/usr/share/code/resources/app/out/vs/workbench/api/node/extensionHostProcess.js:184:10613)
	at MessagePortMain.<anonymous> (/usr/share/code/resources/app/out/vs/workbench/api/node/extensionHostProcess.js:184:6805)
	at MessagePortMain.emit (node:events:519:28)
	at MessagePortMain._internalPort.emit (node:electron/js2c/utility_init:2:2619) setContext undefined
2024-10-02 09:59:54.003 [error] Canceled: Canceled
	at Object.f [as $0] (/usr/share/code/resources/app/out/vs/workbench/api/node/extensionHostProcess.js:10:1082)
	at /usr/share/code/resources/app/out/vs/workbench/api/node/extensionHostProcess.js:158:2406
	at Array.forEach (<anonymous>)
	at y.dispose (/usr/share/code/resources/app/out/vs/workbench/api/node/extensionHostProcess.js:158:2344)
	at m.terminate (/usr/share/code/resources/app/out/vs/workbench/api/node/extensionHostProcess.js:167:8389)
	at $.terminate (/usr/share/code/resources/app/out/vs/workbench/api/node/extensionHostProcess.js:171:1513)
	at n (/usr/share/code/resources/app/out/vs/workbench/api/node/extensionHostProcess.js:184:10613)
	at MessagePortMain.<anonymous> (/usr/share/code/resources/app/out/vs/workbench/api/node/extensionHostProcess.js:184:6805)
	at MessagePortMain.emit (node:events:519:28)
	at MessagePortMain._internalPort.emit (node:electron/js2c/utility_init:2:2619) setContext undefined
2024-10-02 09:59:54.004 [error] Canceled: Canceled
	at Object.f [as $0] (/usr/share/code/resources/app/out/vs/workbench/api/node/extensionHostProcess.js:10:1082)
	at /usr/share/code/resources/app/out/vs/workbench/api/node/extensionHostProcess.js:158:2406
	at Array.forEach (<anonymous>)
	at y.dispose (/usr/share/code/resources/app/out/vs/workbench/api/node/extensionHostProcess.js:158:2344)
	at m.terminate (/usr/share/code/resources/app/out/vs/workbench/api/node/extensionHostProcess.js:167:8389)
	at $.terminate (/usr/share/code/resources/app/out/vs/workbench/api/node/extensionHostProcess.js:171:1513)
	at n (/usr/share/code/resources/app/out/vs/workbench/api/node/extensionHostProcess.js:184:10613)
	at MessagePortMain.<anonymous> (/usr/share/code/resources/app/out/vs/workbench/api/node/extensionHostProcess.js:184:6805)
	at MessagePortMain.emit (node:events:519:28)
	at MessagePortMain._internalPort.emit (node:electron/js2c/utility_init:2:2619) setContext undefined
2024-10-02 09:59:54.004 [error] Canceled: Canceled
	at Object.f [as $0] (/usr/share/code/resources/app/out/vs/workbench/api/node/extensionHostProcess.js:10:1082)
	at /usr/share/code/resources/app/out/vs/workbench/api/node/extensionHostProcess.js:158:2406
	at Array.forEach (<anonymous>)
	at y.dispose (/usr/share/code/resources/app/out/vs/workbench/api/node/extensionHostProcess.js:158:2344)
	at m.terminate (/usr/share/code/resources/app/out/vs/workbench/api/node/extensionHostProcess.js:167:8389)
	at $.terminate (/usr/share/code/resources/app/out/vs/workbench/api/node/extensionHostProcess.js:171:1513)
	at n (/usr/share/code/resources/app/out/vs/workbench/api/node/extensionHostProcess.js:184:10613)
	at MessagePortMain.<anonymous> (/usr/share/code/resources/app/out/vs/workbench/api/node/extensionHostProcess.js:184:6805)
	at MessagePortMain.emit (node:events:519:28)
	at MessagePortMain._internalPort.emit (node:electron/js2c/utility_init:2:2619) setContext undefined
2024-10-02 09:59:54.022 [error] Canceled: Canceled
	at new D (/usr/share/code/resources/app/out/vs/workbench/api/node/extensionHostProcess.js:151:35235)
	at y.U (/usr/share/code/resources/app/out/vs/workbench/api/node/extensionHostProcess.js:158:6005)
	at V.<computed>.F.charCodeAt.A.CharCode.DollarSign.V.<computed> (/usr/share/code/resources/app/out/vs/workbench/api/node/extensionHostProcess.js:158:3107)
	at h.g (/usr/share/code/resources/app/out/vs/workbench/api/node/extensionHostProcess.js:161:210015)
	at h.executeCommand (/usr/share/code/resources/app/out/vs/workbench/api/node/extensionHostProcess.js:161:209453)
	at C.registerCommand.description (/usr/share/code/resources/app/out/vs/workbench/api/node/extensionHostProcess.js:161:208777)
	at h (/usr/share/code/resources/app/out/vs/workbench/api/node/extensionHostProcess.js:161:210554)
	at h.g (/usr/share/code/resources/app/out/vs/workbench/api/node/extensionHostProcess.js:161:209546)
	at h.executeCommand (/usr/share/code/resources/app/out/vs/workbench/api/node/extensionHostProcess.js:161:209453)
	at Object.executeCommand (/usr/share/code/resources/app/out/vs/workbench/api/node/extensionHostProcess.js:171:30683)
	at i.O [as value] (/usr/share/code/resources/app/extensions/git/dist/main.js:2:952009)
	at r.B (/usr/share/code/resources/app/out/vs/workbench/api/node/extensionHostProcess.js:90:732)
	at r.C (/usr/share/code/resources/app/out/vs/workbench/api/node/extensionHostProcess.js:90:802)
	at r.fire (/usr/share/code/resources/app/out/vs/workbench/api/node/extensionHostProcess.js:90:1018)
	at Object.p [as dispose] (/usr/share/code/resources/app/extensions/git/dist/main.js:2:972587)
	at /usr/share/code/resources/app/extensions/git/dist/main.js:2:978709
	at Array.forEach (<anonymous>)
	at f.dispose (/usr/share/code/resources/app/extensions/git/dist/main.js:2:978695)
	at o.<anonymous> (/usr/share/code/resources/app/out/vs/workbench/api/node/extensionHostProcess.js:159:4176)
	at o.dispose (/usr/share/code/resources/app/out/vs/workbench/api/node/extensionHostProcess.js:159:4273)
	at o.<anonymous> (/usr/share/code/resources/app/extensions/git/dist/main.js:2:954307)
	at o.dispose (/usr/share/code/resources/app/out/vs/workbench/api/node/extensionHostProcess.js:159:4273)
	at $ (/usr/share/code/resources/app/out/vs/workbench/api/node/extensionHostProcess.js:30:744)
	at /usr/share/code/resources/app/out/vs/workbench/api/node/extensionHostProcess.js:167:13607
	at /usr/share/code/resources/app/out/vs/workbench/api/node/extensionHostProcess.js:30:1112
	at Object.dispose (/usr/share/code/resources/app/out/vs/workbench/api/node/extensionHostProcess.js:11:11463)
	at m.eb (/usr/share/code/resources/app/out/vs/workbench/api/node/extensionHostProcess.js:167:10282)
	at /usr/share/code/resources/app/out/vs/workbench/api/node/extensionHostProcess.js:167:8153
	at Array.map (<anonymous>)
	at m.$ (/usr/share/code/resources/app/out/vs/workbench/api/node/extensionHostProcess.js:167:8140)
	at m.terminate (/usr/share/code/resources/app/out/vs/workbench/api/node/extensionHostProcess.js:167:8413)
	at $.terminate (/usr/share/code/resources/app/out/vs/workbench/api/node/extensionHostProcess.js:171:1513)
	at n (/usr/share/code/resources/app/out/vs/workbench/api/node/extensionHostProcess.js:184:10613)
	at MessagePortMain.<anonymous> (/usr/share/code/resources/app/out/vs/workbench/api/node/extensionHostProcess.js:184:6805)
	at MessagePortMain.emit (node:events:519:28)
	at MessagePortMain._internalPort.emit (node:electron/js2c/utility_init:2:2619) setContext undefined
2024-10-02 09:59:54.030 [error] Canceled: Canceled
	at new D (/usr/share/code/resources/app/out/vs/workbench/api/node/extensionHostProcess.js:151:35235)
	at y.U (/usr/share/code/resources/app/out/vs/workbench/api/node/extensionHostProcess.js:158:6005)
	at V.<computed>.F.charCodeAt.A.CharCode.DollarSign.V.<computed> (/usr/share/code/resources/app/out/vs/workbench/api/node/extensionHostProcess.js:158:3107)
	at h.g (/usr/share/code/resources/app/out/vs/workbench/api/node/extensionHostProcess.js:161:210015)
	at h.executeCommand (/usr/share/code/resources/app/out/vs/workbench/api/node/extensionHostProcess.js:161:209453)
	at C.registerCommand.description (/usr/share/code/resources/app/out/vs/workbench/api/node/extensionHostProcess.js:161:208777)
	at h (/usr/share/code/resources/app/out/vs/workbench/api/node/extensionHostProcess.js:161:210554)
	at h.g (/usr/share/code/resources/app/out/vs/workbench/api/node/extensionHostProcess.js:161:209546)
	at h.executeCommand (/usr/share/code/resources/app/out/vs/workbench/api/node/extensionHostProcess.js:161:209453)
	at Object.executeCommand (/usr/share/code/resources/app/out/vs/workbench/api/node/extensionHostProcess.js:171:30683)
	at set hasGitHubRepositories (/usr/share/code/resources/app/extensions/github/dist/extension.js:2:322969)
	at /usr/share/code/resources/app/extensions/github/dist/extension.js:2:323928
	at i.value (/usr/share/code/resources/app/extensions/git/dist/main.js:2:1060944)
	at r.B (/usr/share/code/resources/app/out/vs/workbench/api/node/extensionHostProcess.js:90:732)
	at r.C (/usr/share/code/resources/app/out/vs/workbench/api/node/extensionHostProcess.js:90:802)
	at r.fire (/usr/share/code/resources/app/out/vs/workbench/api/node/extensionHostProcess.js:90:1018)
	at Object.p [as dispose] (/usr/share/code/resources/app/extensions/git/dist/main.js:2:972587)
	at /usr/share/code/resources/app/extensions/git/dist/main.js:2:978709
	at Array.forEach (<anonymous>)
	at f.dispose (/usr/share/code/resources/app/extensions/git/dist/main.js:2:978695)
	at o.<anonymous> (/usr/share/code/resources/app/out/vs/workbench/api/node/extensionHostProcess.js:159:4176)
	at o.dispose (/usr/share/code/resources/app/out/vs/workbench/api/node/extensionHostProcess.js:159:4273)
	at o.<anonymous> (/usr/share/code/resources/app/extensions/git/dist/main.js:2:954307)
	at o.dispose (/usr/share/code/resources/app/out/vs/workbench/api/node/extensionHostProcess.js:159:4273)
	at $ (/usr/share/code/resources/app/out/vs/workbench/api/node/extensionHostProcess.js:30:744)
	at /usr/share/code/resources/app/out/vs/workbench/api/node/extensionHostProcess.js:167:13607
	at /usr/share/code/resources/app/out/vs/workbench/api/node/extensionHostProcess.js:30:1112
	at Object.dispose (/usr/share/code/resources/app/out/vs/workbench/api/node/extensionHostProcess.js:11:11463)
	at m.eb (/usr/share/code/resources/app/out/vs/workbench/api/node/extensionHostProcess.js:167:10282)
	at /usr/share/code/resources/app/out/vs/workbench/api/node/extensionHostProcess.js:167:8153
	at Array.map (<anonymous>)
	at m.$ (/usr/share/code/resources/app/out/vs/workbench/api/node/extensionHostProcess.js:167:8140)
	at m.terminate (/usr/share/code/resources/app/out/vs/workbench/api/node/extensionHostProcess.js:167:8413)
	at $.terminate (/usr/share/code/resources/app/out/vs/workbench/api/node/extensionHostProcess.js:171:1513)
	at n (/usr/share/code/resources/app/out/vs/workbench/api/node/extensionHostProcess.js:184:10613)
	at MessagePortMain.<anonymous> (/usr/share/code/resources/app/out/vs/workbench/api/node/extensionHostProcess.js:184:6805)
	at MessagePortMain.emit (node:events:519:28)
	at MessagePortMain._internalPort.emit (node:electron/js2c/utility_init:2:2619) setContext undefined
2024-10-02 09:59:54.044 [info] Extension host with pid 132732 exiting with code 0
