2024-10-02 10:02:03.900 [info] [main] Log level: Info
2024-10-02 10:02:03.900 [info] [main] Validating found git in: "git"
2024-10-02 10:02:03.900 [info] [main] Using git "2.45.2" from "git"
2024-10-02 10:02:03.900 [info] [Model][doInitialScan] Initial repository scan started
2024-10-02 10:02:03.905 [info] > git rev-parse --show-toplevel [11ms]
2024-10-02 10:02:03.919 [info] > git rev-parse --git-dir --git-common-dir [7ms]
2024-10-02 10:02:03.945 [info] [Model][openRepository] Opened repository: /home/kali/Desktop/GSANM
2024-10-02 10:02:04.036 [info] > git rev-parse --show-toplevel [29ms]
2024-10-02 10:02:04.040 [info] > git config --get commit.template [51ms]
2024-10-02 10:02:04.164 [info] > git for-each-ref --format=%(refname)%00%(upstream:short)%00%(objectname)%00%(upstream:track)%00%(upstream:remotename)%00%(upstream:remoteref) refs/heads/main refs/remotes/main [85ms]
2024-10-02 10:02:04.165 [info] > git rev-parse --show-toplevel [106ms]
2024-10-02 10:02:04.208 [info] > git rev-parse --show-toplevel [30ms]
2024-10-02 10:02:04.267 [info] > git rev-parse --show-toplevel [27ms]
2024-10-02 10:02:04.316 [info] > git rev-parse --show-toplevel [38ms]
2024-10-02 10:02:04.328 [info] > git rev-parse --show-toplevel [2ms]
2024-10-02 10:02:04.341 [info] > git rev-parse --show-toplevel [7ms]
2024-10-02 10:02:04.357 [info] > git rev-parse --show-toplevel [8ms]
2024-10-02 10:02:04.366 [info] [Model][doInitialScan] Initial repository scan completed - repositories (1), closed repositories (0), parent repositories (0), unsafe repositories (0)
2024-10-02 10:02:04.401 [info] > git status -z -uall [209ms]
2024-10-02 10:02:04.472 [info] > git for-each-ref --format=%(refname)%00%(upstream:short)%00%(objectname)%00%(upstream:track)%00%(upstream:remotename)%00%(upstream:remoteref) refs/heads/main refs/remotes/main [42ms]
2024-10-02 10:02:04.496 [info] > git config --local branch.main.vscode-merge-base [4ms]
2024-10-02 10:02:04.496 [warning] [Git][config] git config failed: Failed to execute git
2024-10-02 10:02:04.512 [info] > git config --get commit.template [41ms]
2024-10-02 10:02:04.712 [info] > git reflog main --grep-reflog=branch: Created from *. [201ms]
2024-10-02 10:02:04.818 [info] > git symbolic-ref --short refs/remotes/origin/HEAD [97ms]
2024-10-02 10:02:04.818 [info] fatal: ref refs/remotes/origin/HEAD is not a symbolic ref
2024-10-02 10:02:04.865 [info] > git merge-base refs/heads/main refs/remotes/origin/main [26ms]
2024-10-02 10:02:04.892 [info] > git for-each-ref --format=%(refname)%00%(upstream:short)%00%(objectname)%00%(upstream:track)%00%(upstream:remotename)%00%(upstream:remoteref) refs/heads/main refs/remotes/main [102ms]
2024-10-02 10:02:05.057 [info] > git check-ignore -v -z --stdin [205ms]
2024-10-02 10:02:05.059 [info] > git rev-list --count --left-right refs/heads/main...refs/remotes/origin/main [167ms]
2024-10-02 10:02:05.218 [info] > git diff --name-status -z --diff-filter=ADMR 0b657e6f79dd47bb3badc5f9813e6e0654697398...refs/remotes/origin/main [144ms]
2024-10-02 10:02:05.378 [info] > git status -z -uall [106ms]
2024-10-02 10:02:05.471 [info] > git for-each-ref --format=%(refname)%00%(upstream:short)%00%(objectname)%00%(upstream:track)%00%(upstream:remotename)%00%(upstream:remoteref) refs/heads/main refs/remotes/main [30ms]
2024-10-02 10:02:05.631 [info] > git config --local branch.main.vscode-merge-base [131ms]
2024-10-02 10:02:05.631 [warning] [Git][config] git config failed: Failed to execute git
2024-10-02 10:02:05.686 [info] > git reflog main --grep-reflog=branch: Created from *. [46ms]
2024-10-02 10:02:05.699 [info] > git symbolic-ref --short refs/remotes/origin/HEAD [7ms]
2024-10-02 10:02:05.699 [info] fatal: ref refs/remotes/origin/HEAD is not a symbolic ref
2024-10-02 10:02:08.767 [info] > git config --get commit.template [8ms]
2024-10-02 10:02:08.772 [info] > git for-each-ref --format=%(refname)%00%(upstream:short)%00%(objectname)%00%(upstream:track)%00%(upstream:remotename)%00%(upstream:remoteref) refs/heads/main refs/remotes/main [6ms]
2024-10-02 10:02:08.800 [info] > git status -z -uall [24ms]
2024-10-02 10:02:08.815 [info] > git for-each-ref --format=%(refname)%00%(upstream:short)%00%(objectname)%00%(upstream:track)%00%(upstream:remotename)%00%(upstream:remoteref) refs/heads/main refs/remotes/main [6ms]
2024-10-02 10:02:08.830 [info] > git config --local branch.main.vscode-merge-base [6ms]
2024-10-02 10:02:08.830 [warning] [Git][config] git config failed: Failed to execute git
2024-10-02 10:02:08.844 [info] > git reflog main --grep-reflog=branch: Created from *. [9ms]
2024-10-02 10:02:08.851 [info] > git symbolic-ref --short refs/remotes/origin/HEAD [3ms]
2024-10-02 10:02:08.852 [info] fatal: ref refs/remotes/origin/HEAD is not a symbolic ref
2024-10-02 10:02:13.879 [info] > git config --get commit.template [6ms]
2024-10-02 10:02:13.899 [info] > git for-each-ref --format=%(refname)%00%(upstream:short)%00%(objectname)%00%(upstream:track)%00%(upstream:remotename)%00%(upstream:remoteref) refs/heads/main refs/remotes/main [6ms]
2024-10-02 10:02:13.931 [info] > git status -z -uall [17ms]
2024-10-02 10:02:13.948 [info] > git for-each-ref --format=%(refname)%00%(upstream:short)%00%(objectname)%00%(upstream:track)%00%(upstream:remotename)%00%(upstream:remoteref) refs/heads/main refs/remotes/main [9ms]
2024-10-02 10:02:13.961 [info] > git config --local branch.main.vscode-merge-base [5ms]
2024-10-02 10:02:13.962 [warning] [Git][config] git config failed: Failed to execute git
2024-10-02 10:02:13.974 [info] > git reflog main --grep-reflog=branch: Created from *. [6ms]
2024-10-02 10:02:13.983 [info] > git symbolic-ref --short refs/remotes/origin/HEAD [5ms]
2024-10-02 10:02:13.983 [info] fatal: ref refs/remotes/origin/HEAD is not a symbolic ref
2024-10-02 10:02:19.416 [info] > git config --get commit.template [7ms]
2024-10-02 10:02:19.417 [info] > git for-each-ref --format=%(refname)%00%(upstream:short)%00%(objectname)%00%(upstream:track)%00%(upstream:remotename)%00%(upstream:remoteref) refs/heads/main refs/remotes/main [3ms]
2024-10-02 10:02:19.438 [info] > git status -z -uall [13ms]
2024-10-02 10:02:19.458 [info] > git for-each-ref --format=%(refname)%00%(upstream:short)%00%(objectname)%00%(upstream:track)%00%(upstream:remotename)%00%(upstream:remoteref) refs/heads/main refs/remotes/main [9ms]
2024-10-02 10:02:19.471 [info] > git config --local branch.main.vscode-merge-base [4ms]
2024-10-02 10:02:19.472 [warning] [Git][config] git config failed: Failed to execute git
2024-10-02 10:02:19.481 [info] > git reflog main --grep-reflog=branch: Created from *. [5ms]
2024-10-02 10:02:19.489 [info] > git symbolic-ref --short refs/remotes/origin/HEAD [4ms]
2024-10-02 10:02:19.489 [info] fatal: ref refs/remotes/origin/HEAD is not a symbolic ref
2024-10-02 10:02:20.858 [info] > git show --textconv :docker-compose.yml [36ms]
2024-10-02 10:02:20.885 [info] > git ls-files --stage -- /home/kali/Desktop/GSANM/docker-compose.yml [44ms]
2024-10-02 10:02:20.906 [info] > git cat-file -s 517b23e4338043c6d81de7ffb9b90cd177d5c532 [7ms]
2024-10-02 10:02:24.476 [info] > git config --get commit.template [6ms]
2024-10-02 10:02:24.499 [info] > git for-each-ref --format=%(refname)%00%(upstream:short)%00%(objectname)%00%(upstream:track)%00%(upstream:remotename)%00%(upstream:remoteref) refs/heads/main refs/remotes/main [14ms]
2024-10-02 10:02:24.559 [info] > git status -z -uall [56ms]
2024-10-02 10:02:24.577 [info] > git for-each-ref --format=%(refname)%00%(upstream:short)%00%(objectname)%00%(upstream:track)%00%(upstream:remotename)%00%(upstream:remoteref) refs/heads/main refs/remotes/main [12ms]
2024-10-02 10:02:24.591 [info] > git config --local branch.main.vscode-merge-base [5ms]
2024-10-02 10:02:24.591 [warning] [Git][config] git config failed: Failed to execute git
2024-10-02 10:02:24.604 [info] > git reflog main --grep-reflog=branch: Created from *. [8ms]
2024-10-02 10:02:24.614 [info] > git symbolic-ref --short refs/remotes/origin/HEAD [4ms]
2024-10-02 10:02:24.614 [info] fatal: ref refs/remotes/origin/HEAD is not a symbolic ref
2024-10-02 10:02:29.584 [info] > git config --get commit.template [4ms]
2024-10-02 10:02:29.591 [info] > git for-each-ref --format=%(refname)%00%(upstream:short)%00%(objectname)%00%(upstream:track)%00%(upstream:remotename)%00%(upstream:remoteref) refs/heads/main refs/remotes/main [3ms]
2024-10-02 10:02:29.616 [info] > git status -z -uall [14ms]
2024-10-02 10:02:29.630 [info] > git for-each-ref --format=%(refname)%00%(upstream:short)%00%(objectname)%00%(upstream:track)%00%(upstream:remotename)%00%(upstream:remoteref) refs/heads/main refs/remotes/main [7ms]
2024-10-02 10:02:29.640 [info] > git config --local branch.main.vscode-merge-base [5ms]
2024-10-02 10:02:29.640 [warning] [Git][config] git config failed: Failed to execute git
2024-10-02 10:02:29.652 [info] > git reflog main --grep-reflog=branch: Created from *. [7ms]
2024-10-02 10:02:29.659 [info] > git symbolic-ref --short refs/remotes/origin/HEAD [4ms]
2024-10-02 10:02:29.660 [info] fatal: ref refs/remotes/origin/HEAD is not a symbolic ref
2024-10-02 10:02:34.655 [info] > git config --get commit.template [1ms]
2024-10-02 10:02:34.669 [info] > git for-each-ref --format=%(refname)%00%(upstream:short)%00%(objectname)%00%(upstream:track)%00%(upstream:remotename)%00%(upstream:remoteref) refs/heads/main refs/remotes/main [5ms]
2024-10-02 10:02:34.698 [info] > git status -z -uall [25ms]
2024-10-02 10:02:34.721 [info] > git for-each-ref --format=%(refname)%00%(upstream:short)%00%(objectname)%00%(upstream:track)%00%(upstream:remotename)%00%(upstream:remoteref) refs/heads/main refs/remotes/main [15ms]
2024-10-02 10:02:34.736 [info] > git config --local branch.main.vscode-merge-base [6ms]
2024-10-02 10:02:34.737 [warning] [Git][config] git config failed: Failed to execute git
2024-10-02 10:02:34.759 [info] > git reflog main --grep-reflog=branch: Created from *. [13ms]
2024-10-02 10:02:34.771 [info] > git symbolic-ref --short refs/remotes/origin/HEAD [5ms]
2024-10-02 10:02:34.772 [info] fatal: ref refs/remotes/origin/HEAD is not a symbolic ref
2024-10-02 10:02:39.738 [info] > git config --get commit.template [4ms]
2024-10-02 10:02:39.759 [info] > git for-each-ref --format=%(refname)%00%(upstream:short)%00%(objectname)%00%(upstream:track)%00%(upstream:remotename)%00%(upstream:remoteref) refs/heads/main refs/remotes/main [10ms]
2024-10-02 10:02:39.813 [info] > git status -z -uall [40ms]
2024-10-02 10:02:39.875 [info] > git for-each-ref --format=%(refname)%00%(upstream:short)%00%(objectname)%00%(upstream:track)%00%(upstream:remotename)%00%(upstream:remoteref) refs/heads/main refs/remotes/main [21ms]
2024-10-02 10:02:39.900 [info] > git config --local branch.main.vscode-merge-base [8ms]
2024-10-02 10:02:39.901 [warning] [Git][config] git config failed: Failed to execute git
2024-10-02 10:02:39.919 [info] > git reflog main --grep-reflog=branch: Created from *. [12ms]
2024-10-02 10:02:39.978 [info] > git symbolic-ref --short refs/remotes/origin/HEAD [50ms]
2024-10-02 10:02:39.978 [info] fatal: ref refs/remotes/origin/HEAD is not a symbolic ref
2024-10-02 10:02:49.182 [info] > git config --get commit.template [6ms]
2024-10-02 10:02:49.187 [info] > git for-each-ref --format=%(refname)%00%(upstream:short)%00%(objectname)%00%(upstream:track)%00%(upstream:remotename)%00%(upstream:remoteref) refs/heads/main refs/remotes/main [5ms]
2024-10-02 10:02:49.210 [info] > git status -z -uall [17ms]
2024-10-02 10:02:49.226 [info] > git for-each-ref --format=%(refname)%00%(upstream:short)%00%(objectname)%00%(upstream:track)%00%(upstream:remotename)%00%(upstream:remoteref) refs/heads/main refs/remotes/main [7ms]
2024-10-02 10:02:49.239 [info] > git config --local branch.main.vscode-merge-base [5ms]
2024-10-02 10:02:49.239 [warning] [Git][config] git config failed: Failed to execute git
2024-10-02 10:02:49.249 [info] > git reflog main --grep-reflog=branch: Created from *. [4ms]
2024-10-02 10:02:49.260 [info] > git symbolic-ref --short refs/remotes/origin/HEAD [4ms]
2024-10-02 10:02:49.260 [info] fatal: ref refs/remotes/origin/HEAD is not a symbolic ref
2024-10-02 10:03:00.351 [info] > git config --get commit.template [9ms]
2024-10-02 10:03:00.351 [info] > git for-each-ref --format=%(refname)%00%(upstream:short)%00%(objectname)%00%(upstream:track)%00%(upstream:remotename)%00%(upstream:remoteref) refs/heads/main refs/remotes/main [2ms]
2024-10-02 10:03:00.371 [info] > git status -z -uall [15ms]
2024-10-02 10:03:00.387 [info] > git for-each-ref --format=%(refname)%00%(upstream:short)%00%(objectname)%00%(upstream:track)%00%(upstream:remotename)%00%(upstream:remoteref) refs/heads/main refs/remotes/main [9ms]
2024-10-02 10:03:00.401 [info] > git config --local branch.main.vscode-merge-base [5ms]
2024-10-02 10:03:00.401 [warning] [Git][config] git config failed: Failed to execute git
2024-10-02 10:03:00.409 [info] > git reflog main --grep-reflog=branch: Created from *. [4ms]
2024-10-02 10:03:00.417 [info] > git symbolic-ref --short refs/remotes/origin/HEAD [2ms]
2024-10-02 10:03:00.417 [info] fatal: ref refs/remotes/origin/HEAD is not a symbolic ref
2024-10-02 10:07:28.735 [info] > git config --get commit.template [8ms]
2024-10-02 10:07:28.738 [info] > git for-each-ref --format=%(refname)%00%(upstream:short)%00%(objectname)%00%(upstream:track)%00%(upstream:remotename)%00%(upstream:remoteref) refs/heads/main refs/remotes/main [4ms]
2024-10-02 10:07:28.758 [info] > git status -z -uall [15ms]
2024-10-02 10:07:28.770 [info] > git for-each-ref --format=%(refname)%00%(upstream:short)%00%(objectname)%00%(upstream:track)%00%(upstream:remotename)%00%(upstream:remoteref) refs/heads/main refs/remotes/main [5ms]
2024-10-02 10:07:28.778 [info] > git config --local branch.main.vscode-merge-base [3ms]
2024-10-02 10:07:28.778 [warning] [Git][config] git config failed: Failed to execute git
2024-10-02 10:07:28.786 [info] > git reflog main --grep-reflog=branch: Created from *. [1ms]
2024-10-02 10:07:28.792 [info] > git symbolic-ref --short refs/remotes/origin/HEAD [3ms]
2024-10-02 10:07:28.792 [info] fatal: ref refs/remotes/origin/HEAD is not a symbolic ref
2024-10-02 10:07:35.798 [info] > git config --get commit.template [11ms]
2024-10-02 10:07:35.799 [info] > git for-each-ref --format=%(refname)%00%(upstream:short)%00%(objectname)%00%(upstream:track)%00%(upstream:remotename)%00%(upstream:remoteref) refs/heads/main refs/remotes/main [5ms]
2024-10-02 10:07:35.820 [info] > git status -z -uall [15ms]
2024-10-02 10:07:35.836 [info] > git for-each-ref --format=%(refname)%00%(upstream:short)%00%(objectname)%00%(upstream:track)%00%(upstream:remotename)%00%(upstream:remoteref) refs/heads/main refs/remotes/main [7ms]
2024-10-02 10:07:35.849 [info] > git config --local branch.main.vscode-merge-base [6ms]
2024-10-02 10:07:35.849 [warning] [Git][config] git config failed: Failed to execute git
2024-10-02 10:07:35.866 [info] > git reflog main --grep-reflog=branch: Created from *. [8ms]
2024-10-02 10:07:35.873 [info] > git symbolic-ref --short refs/remotes/origin/HEAD [1ms]
2024-10-02 10:07:35.873 [info] fatal: ref refs/remotes/origin/HEAD is not a symbolic ref
2024-10-02 10:12:28.759 [info] > git config --get commit.template [7ms]
2024-10-02 10:12:28.761 [info] > git for-each-ref --format=%(refname)%00%(upstream:short)%00%(objectname)%00%(upstream:track)%00%(upstream:remotename)%00%(upstream:remoteref) refs/heads/main refs/remotes/main [3ms]
2024-10-02 10:12:28.783 [info] > git status -z -uall [13ms]
2024-10-02 10:12:28.805 [info] > git for-each-ref --format=%(refname)%00%(upstream:short)%00%(objectname)%00%(upstream:track)%00%(upstream:remotename)%00%(upstream:remoteref) refs/heads/main refs/remotes/main [11ms]
2024-10-02 10:12:28.819 [info] > git config --local branch.main.vscode-merge-base [1ms]
2024-10-02 10:12:28.819 [warning] [Git][config] git config failed: Failed to execute git
2024-10-02 10:12:28.837 [info] > git reflog main --grep-reflog=branch: Created from *. [10ms]
2024-10-02 10:12:28.847 [info] > git symbolic-ref --short refs/remotes/origin/HEAD [3ms]
2024-10-02 10:12:28.847 [info] fatal: ref refs/remotes/origin/HEAD is not a symbolic ref
2024-10-02 10:17:28.812 [info] > git config --get commit.template [27ms]
2024-10-02 10:17:28.829 [info] > git for-each-ref --format=%(refname)%00%(upstream:short)%00%(objectname)%00%(upstream:track)%00%(upstream:remotename)%00%(upstream:remoteref) refs/heads/main refs/remotes/main [28ms]
2024-10-02 10:17:28.879 [info] > git status -z -uall [37ms]
2024-10-02 10:17:28.909 [info] > git for-each-ref --format=%(refname)%00%(upstream:short)%00%(objectname)%00%(upstream:track)%00%(upstream:remotename)%00%(upstream:remoteref) refs/heads/main refs/remotes/main [16ms]
2024-10-02 10:17:28.924 [info] > git config --local branch.main.vscode-merge-base [6ms]
2024-10-02 10:17:28.925 [warning] [Git][config] git config failed: Failed to execute git
2024-10-02 10:17:28.944 [info] > git reflog main --grep-reflog=branch: Created from *. [12ms]
2024-10-02 10:17:28.961 [info] > git symbolic-ref --short refs/remotes/origin/HEAD [7ms]
2024-10-02 10:17:28.961 [info] fatal: ref refs/remotes/origin/HEAD is not a symbolic ref
2024-10-02 10:22:28.873 [info] > git config --get commit.template [9ms]
2024-10-02 10:22:28.882 [info] > git for-each-ref --format=%(refname)%00%(upstream:short)%00%(objectname)%00%(upstream:track)%00%(upstream:remotename)%00%(upstream:remoteref) refs/heads/main refs/remotes/main [10ms]
2024-10-02 10:22:28.906 [info] > git status -z -uall [19ms]
2024-10-02 10:22:28.922 [info] > git for-each-ref --format=%(refname)%00%(upstream:short)%00%(objectname)%00%(upstream:track)%00%(upstream:remotename)%00%(upstream:remoteref) refs/heads/main refs/remotes/main [10ms]
2024-10-02 10:22:28.930 [info] > git config --local branch.main.vscode-merge-base [3ms]
2024-10-02 10:22:28.930 [warning] [Git][config] git config failed: Failed to execute git
2024-10-02 10:22:28.940 [info] > git reflog main --grep-reflog=branch: Created from *. [5ms]
2024-10-02 10:22:28.947 [info] > git symbolic-ref --short refs/remotes/origin/HEAD [1ms]
2024-10-02 10:22:28.947 [info] fatal: ref refs/remotes/origin/HEAD is not a symbolic ref
