2024-09-26 02:52:34.719 [info] [main] Log level: Info
2024-09-26 02:52:34.719 [info] [main] Validating found git in: "git"
2024-09-26 02:52:34.719 [info] [main] Using git "2.45.2" from "git"
2024-09-26 02:52:34.719 [info] [Model][doInitialScan] Initial repository scan started
2024-09-26 02:52:34.719 [info] > git rev-parse --show-toplevel [42ms]
2024-09-26 02:52:34.727 [info] > git rev-parse --git-dir --git-common-dir [11ms]
2024-09-26 02:52:34.762 [info] [Model][openRepository] Opened repository: /home/kali/Desktop/GSANM
2024-09-26 02:52:34.822 [info] > git rev-parse --show-toplevel [7ms]
2024-09-26 02:52:34.831 [info] > git config --get commit.template [42ms]
2024-09-26 02:52:34.934 [info] > git rev-parse --show-toplevel [65ms]
2024-09-26 02:52:34.959 [info] > git for-each-ref --format=%(refname)%00%(upstream:short)%00%(objectname)%00%(upstream:track)%00%(upstream:remotename)%00%(upstream:remoteref) refs/heads/main refs/remotes/main [37ms]
2024-09-26 02:52:34.963 [info] > git rev-parse --show-toplevel [13ms]
2024-09-26 02:52:34.983 [info] > git rev-parse --show-toplevel [13ms]
2024-09-26 02:52:35.002 [info] > git rev-parse --show-toplevel [2ms]
2024-09-26 02:52:35.013 [info] > git status -z -uall [32ms]
2024-09-26 02:52:35.100 [info] > git for-each-ref --format=%(refname)%00%(upstream:short)%00%(objectname)%00%(upstream:track)%00%(upstream:remotename)%00%(upstream:remoteref) refs/heads/main refs/remotes/main [68ms]
2024-09-26 02:52:35.113 [info] > git rev-parse --show-toplevel [102ms]
2024-09-26 02:52:35.119 [info] > git config --get commit.template [21ms]
2024-09-26 02:52:35.192 [info] > git rev-parse --show-toplevel [74ms]
2024-09-26 02:52:35.193 [info] > git config --local branch.main.vscode-merge-base [80ms]
2024-09-26 02:52:35.193 [warning] [Git][config] git config failed: Failed to execute git
2024-09-26 02:52:35.251 [info] > git reflog main --grep-reflog=branch: Created from *. [54ms]
2024-09-26 02:52:35.288 [info] > git symbolic-ref --short refs/remotes/origin/HEAD [32ms]
2024-09-26 02:52:35.288 [info] fatal: ref refs/remotes/origin/HEAD is not a symbolic ref
2024-09-26 02:52:35.296 [info] > git rev-parse --show-toplevel [47ms]
2024-09-26 02:52:35.304 [info] [Model][doInitialScan] Initial repository scan completed - repositories (1), closed repositories (0), parent repositories (0), unsafe repositories (0)
2024-09-26 02:52:35.306 [info] > git for-each-ref --format=%(refname)%00%(upstream:short)%00%(objectname)%00%(upstream:track)%00%(upstream:remotename)%00%(upstream:remoteref) refs/heads/main refs/remotes/main [61ms]
2024-09-26 02:52:35.310 [info] > git merge-base refs/heads/main refs/remotes/origin/main [14ms]
2024-09-26 02:52:35.329 [info] > git rev-list --count --left-right refs/heads/main...refs/remotes/origin/main [10ms]
2024-09-26 02:52:35.342 [info] > git status -z -uall [19ms]
2024-09-26 02:52:35.342 [info] > git diff --name-status -z --diff-filter=ADMR 0b657e6f79dd47bb3badc5f9813e6e0654697398...refs/remotes/origin/main [5ms]
2024-09-26 02:52:35.370 [info] > git for-each-ref --format=%(refname)%00%(upstream:short)%00%(objectname)%00%(upstream:track)%00%(upstream:remotename)%00%(upstream:remoteref) refs/heads/main refs/remotes/main [19ms]
2024-09-26 02:52:35.382 [info] > git check-ignore -v -z --stdin [15ms]
2024-09-26 02:52:35.383 [info] > git config --local branch.main.vscode-merge-base [3ms]
2024-09-26 02:52:35.384 [warning] [Git][config] git config failed: Failed to execute git
2024-09-26 02:52:35.394 [info] > git reflog main --grep-reflog=branch: Created from *. [5ms]
2024-09-26 02:52:35.400 [info] > git symbolic-ref --short refs/remotes/origin/HEAD [3ms]
2024-09-26 02:52:35.400 [info] fatal: ref refs/remotes/origin/HEAD is not a symbolic ref
2024-09-26 02:52:38.109 [info] > git check-ignore -v -z --stdin [5ms]
2024-09-26 02:52:39.063 [info] > git check-ignore -v -z --stdin [5ms]
2024-09-26 02:52:41.172 [info] > git show --textconv :agent/ai/kafka_consumer.py [22ms]
2024-09-26 02:52:41.187 [info] > git ls-files --stage -- /home/kali/Desktop/GSANM/agent/ai/kafka_consumer.py [20ms]
2024-09-26 02:52:41.209 [info] > git cat-file -s 8508e688ef02d5f190a261283bd6c9ffedbbfcce [4ms]
2024-09-26 02:52:49.632 [info] > git config --get commit.template [5ms]
2024-09-26 02:52:49.686 [info] > git for-each-ref --format=%(refname)%00%(upstream:short)%00%(objectname)%00%(upstream:track)%00%(upstream:remotename)%00%(upstream:remoteref) refs/heads/main refs/remotes/main [12ms]
2024-09-26 02:52:49.835 [info] > git status -z -uall [99ms]
2024-09-26 02:52:49.931 [info] > git for-each-ref --format=%(refname)%00%(upstream:short)%00%(objectname)%00%(upstream:track)%00%(upstream:remotename)%00%(upstream:remoteref) refs/heads/main refs/remotes/main [51ms]
2024-09-26 02:52:50.125 [info] > git config --local branch.main.vscode-merge-base [154ms]
2024-09-26 02:52:50.125 [warning] [Git][config] git config failed: Failed to execute git
2024-09-26 02:52:50.177 [info] > git reflog main --grep-reflog=branch: Created from *. [38ms]
2024-09-26 02:52:50.239 [info] > git symbolic-ref --short refs/remotes/origin/HEAD [32ms]
2024-09-26 02:52:50.239 [info] fatal: ref refs/remotes/origin/HEAD is not a symbolic ref
2024-09-26 02:53:10.397 [info] > git config --get commit.template [13ms]
2024-09-26 02:53:10.400 [info] > git for-each-ref --format=%(refname)%00%(upstream:short)%00%(objectname)%00%(upstream:track)%00%(upstream:remotename)%00%(upstream:remoteref) refs/heads/main refs/remotes/main [4ms]
2024-09-26 02:53:10.446 [info] > git status -z -uall [38ms]
2024-09-26 02:53:10.483 [info] > git for-each-ref --format=%(refname)%00%(upstream:short)%00%(objectname)%00%(upstream:track)%00%(upstream:remotename)%00%(upstream:remoteref) refs/heads/main refs/remotes/main [22ms]
2024-09-26 02:53:10.508 [info] > git config --local branch.main.vscode-merge-base [13ms]
2024-09-26 02:53:10.508 [warning] [Git][config] git config failed: Failed to execute git
2024-09-26 02:53:10.532 [info] > git reflog main --grep-reflog=branch: Created from *. [16ms]
2024-09-26 02:53:10.547 [info] > git symbolic-ref --short refs/remotes/origin/HEAD [2ms]
2024-09-26 02:53:10.548 [info] fatal: ref refs/remotes/origin/HEAD is not a symbolic ref
2024-09-26 02:55:21.911 [info] > git config --get commit.template [34ms]
2024-09-26 02:55:21.943 [info] > git for-each-ref --format=%(refname)%00%(upstream:short)%00%(objectname)%00%(upstream:track)%00%(upstream:remotename)%00%(upstream:remoteref) refs/heads/main refs/remotes/main [34ms]
2024-09-26 02:55:21.995 [info] > git status -z -uall [31ms]
2024-09-26 02:55:22.055 [info] > git for-each-ref --format=%(refname)%00%(upstream:short)%00%(objectname)%00%(upstream:track)%00%(upstream:remotename)%00%(upstream:remoteref) refs/heads/main refs/remotes/main [28ms]
2024-09-26 02:55:22.078 [info] > git config --local branch.main.vscode-merge-base [9ms]
2024-09-26 02:55:22.079 [warning] [Git][config] git config failed: Failed to execute git
2024-09-26 02:55:22.312 [info] > git reflog main --grep-reflog=branch: Created from *. [219ms]
2024-09-26 02:55:22.407 [info] > git symbolic-ref --short refs/remotes/origin/HEAD [70ms]
2024-09-26 02:55:22.407 [info] fatal: ref refs/remotes/origin/HEAD is not a symbolic ref
2024-09-26 03:04:08.609 [info] > git config --get commit.template [15ms]
2024-09-26 03:04:08.613 [info] > git for-each-ref --format=%(refname)%00%(upstream:short)%00%(objectname)%00%(upstream:track)%00%(upstream:remotename)%00%(upstream:remoteref) refs/heads/main refs/remotes/main [5ms]
2024-09-26 03:04:08.635 [info] > git status -z -uall [9ms]
2024-09-26 03:04:08.657 [info] > git for-each-ref --format=%(refname)%00%(upstream:short)%00%(objectname)%00%(upstream:track)%00%(upstream:remotename)%00%(upstream:remoteref) refs/heads/main refs/remotes/main [12ms]
2024-09-26 03:04:08.679 [info] > git config --local branch.main.vscode-merge-base [6ms]
2024-09-26 03:04:08.681 [warning] [Git][config] git config failed: Failed to execute git
2024-09-26 03:04:08.704 [info] > git reflog main --grep-reflog=branch: Created from *. [10ms]
2024-09-26 03:04:08.718 [info] > git symbolic-ref --short refs/remotes/origin/HEAD [7ms]
2024-09-26 03:04:08.718 [info] fatal: ref refs/remotes/origin/HEAD is not a symbolic ref
2024-09-26 03:04:13.671 [info] > git config --get commit.template [8ms]
2024-09-26 03:04:13.673 [info] > git for-each-ref --format=%(refname)%00%(upstream:short)%00%(objectname)%00%(upstream:track)%00%(upstream:remotename)%00%(upstream:remoteref) refs/heads/main refs/remotes/main [3ms]
2024-09-26 03:04:13.685 [info] > git status -z -uall [7ms]
2024-09-26 03:04:13.701 [info] > git for-each-ref --format=%(refname)%00%(upstream:short)%00%(objectname)%00%(upstream:track)%00%(upstream:remotename)%00%(upstream:remoteref) refs/heads/main refs/remotes/main [8ms]
2024-09-26 03:04:13.709 [info] > git config --local branch.main.vscode-merge-base [1ms]
2024-09-26 03:04:13.709 [warning] [Git][config] git config failed: Failed to execute git
2024-09-26 03:04:13.721 [info] > git reflog main --grep-reflog=branch: Created from *. [8ms]
2024-09-26 03:04:13.728 [info] > git symbolic-ref --short refs/remotes/origin/HEAD [2ms]
2024-09-26 03:04:13.728 [info] fatal: ref refs/remotes/origin/HEAD is not a symbolic ref
2024-09-26 03:04:18.718 [info] > git config --get commit.template [10ms]
2024-09-26 03:04:18.721 [info] > git for-each-ref --format=%(refname)%00%(upstream:short)%00%(objectname)%00%(upstream:track)%00%(upstream:remotename)%00%(upstream:remoteref) refs/heads/main refs/remotes/main [6ms]
2024-09-26 03:04:18.733 [info] > git status -z -uall [6ms]
2024-09-26 03:04:18.755 [info] > git for-each-ref --format=%(refname)%00%(upstream:short)%00%(objectname)%00%(upstream:track)%00%(upstream:remotename)%00%(upstream:remoteref) refs/heads/main refs/remotes/main [12ms]
2024-09-26 03:04:18.766 [info] > git config --local branch.main.vscode-merge-base [4ms]
2024-09-26 03:04:18.766 [warning] [Git][config] git config failed: Failed to execute git
2024-09-26 03:04:18.775 [info] > git reflog main --grep-reflog=branch: Created from *. [3ms]
2024-09-26 03:04:18.782 [info] > git symbolic-ref --short refs/remotes/origin/HEAD [3ms]
2024-09-26 03:04:18.782 [info] fatal: ref refs/remotes/origin/HEAD is not a symbolic ref
2024-09-26 03:04:23.778 [info] > git config --get commit.template [10ms]
2024-09-26 03:04:23.781 [info] > git for-each-ref --format=%(refname)%00%(upstream:short)%00%(objectname)%00%(upstream:track)%00%(upstream:remotename)%00%(upstream:remoteref) refs/heads/main refs/remotes/main [4ms]
2024-09-26 03:04:23.795 [info] > git status -z -uall [8ms]
2024-09-26 03:04:23.816 [info] > git for-each-ref --format=%(refname)%00%(upstream:short)%00%(objectname)%00%(upstream:track)%00%(upstream:remotename)%00%(upstream:remoteref) refs/heads/main refs/remotes/main [9ms]
2024-09-26 03:04:23.826 [info] > git config --local branch.main.vscode-merge-base [3ms]
2024-09-26 03:04:23.826 [warning] [Git][config] git config failed: Failed to execute git
2024-09-26 03:04:23.836 [info] > git reflog main --grep-reflog=branch: Created from *. [3ms]
2024-09-26 03:04:23.842 [info] > git symbolic-ref --short refs/remotes/origin/HEAD [2ms]
2024-09-26 03:04:23.842 [info] fatal: ref refs/remotes/origin/HEAD is not a symbolic ref
2024-09-26 03:04:28.835 [info] > git config --get commit.template [8ms]
2024-09-26 03:04:28.838 [info] > git for-each-ref --format=%(refname)%00%(upstream:short)%00%(objectname)%00%(upstream:track)%00%(upstream:remotename)%00%(upstream:remoteref) refs/heads/main refs/remotes/main [3ms]
2024-09-26 03:04:28.848 [info] > git status -z -uall [5ms]
2024-09-26 03:04:28.863 [info] > git for-each-ref --format=%(refname)%00%(upstream:short)%00%(objectname)%00%(upstream:track)%00%(upstream:remotename)%00%(upstream:remoteref) refs/heads/main refs/remotes/main [6ms]
2024-09-26 03:04:28.870 [info] > git config --local branch.main.vscode-merge-base [2ms]
2024-09-26 03:04:28.870 [warning] [Git][config] git config failed: Failed to execute git
2024-09-26 03:04:28.883 [info] > git reflog main --grep-reflog=branch: Created from *. [5ms]
2024-09-26 03:04:28.890 [info] > git symbolic-ref --short refs/remotes/origin/HEAD [3ms]
2024-09-26 03:04:28.891 [info] fatal: ref refs/remotes/origin/HEAD is not a symbolic ref
2024-09-26 03:04:33.883 [info] > git config --get commit.template [8ms]
2024-09-26 03:04:33.886 [info] > git for-each-ref --format=%(refname)%00%(upstream:short)%00%(objectname)%00%(upstream:track)%00%(upstream:remotename)%00%(upstream:remoteref) refs/heads/main refs/remotes/main [4ms]
2024-09-26 03:04:33.897 [info] > git status -z -uall [6ms]
2024-09-26 03:04:33.918 [info] > git for-each-ref --format=%(refname)%00%(upstream:short)%00%(objectname)%00%(upstream:track)%00%(upstream:remotename)%00%(upstream:remoteref) refs/heads/main refs/remotes/main [11ms]
2024-09-26 03:04:33.928 [info] > git config --local branch.main.vscode-merge-base [5ms]
2024-09-26 03:04:33.928 [warning] [Git][config] git config failed: Failed to execute git
2024-09-26 03:04:33.935 [info] > git reflog main --grep-reflog=branch: Created from *. [2ms]
2024-09-26 03:04:33.943 [info] > git symbolic-ref --short refs/remotes/origin/HEAD [3ms]
2024-09-26 03:04:33.943 [info] fatal: ref refs/remotes/origin/HEAD is not a symbolic ref
2024-09-26 03:04:38.930 [info] > git config --get commit.template [9ms]
2024-09-26 03:04:38.934 [info] > git for-each-ref --format=%(refname)%00%(upstream:short)%00%(objectname)%00%(upstream:track)%00%(upstream:remotename)%00%(upstream:remoteref) refs/heads/main refs/remotes/main [4ms]
2024-09-26 03:04:38.950 [info] > git status -z -uall [11ms]
2024-09-26 03:04:38.970 [info] > git for-each-ref --format=%(refname)%00%(upstream:short)%00%(objectname)%00%(upstream:track)%00%(upstream:remotename)%00%(upstream:remoteref) refs/heads/main refs/remotes/main [8ms]
2024-09-26 03:04:38.988 [info] > git config --local branch.main.vscode-merge-base [4ms]
2024-09-26 03:04:38.989 [warning] [Git][config] git config failed: Failed to execute git
2024-09-26 03:04:39.006 [info] > git reflog main --grep-reflog=branch: Created from *. [5ms]
2024-09-26 03:04:39.018 [info] > git symbolic-ref --short refs/remotes/origin/HEAD [3ms]
2024-09-26 03:04:39.018 [info] fatal: ref refs/remotes/origin/HEAD is not a symbolic ref
2024-09-26 03:04:43.991 [info] > git for-each-ref --format=%(refname)%00%(upstream:short)%00%(objectname)%00%(upstream:track)%00%(upstream:remotename)%00%(upstream:remoteref) refs/heads/main refs/remotes/main [3ms]
2024-09-26 03:04:43.992 [info] > git config --get commit.template [14ms]
2024-09-26 03:04:44.004 [info] > git status -z -uall [6ms]
2024-09-26 03:04:44.028 [info] > git for-each-ref --format=%(refname)%00%(upstream:short)%00%(objectname)%00%(upstream:track)%00%(upstream:remotename)%00%(upstream:remoteref) refs/heads/main refs/remotes/main [14ms]
2024-09-26 03:04:44.040 [info] > git config --local branch.main.vscode-merge-base [4ms]
2024-09-26 03:04:44.041 [warning] [Git][config] git config failed: Failed to execute git
2024-09-26 03:04:44.050 [info] > git reflog main --grep-reflog=branch: Created from *. [2ms]
2024-09-26 03:04:44.058 [info] > git symbolic-ref --short refs/remotes/origin/HEAD [4ms]
2024-09-26 03:04:44.058 [info] fatal: ref refs/remotes/origin/HEAD is not a symbolic ref
2024-09-26 03:04:49.042 [info] > git config --get commit.template [9ms]
2024-09-26 03:04:49.043 [info] > git for-each-ref --format=%(refname)%00%(upstream:short)%00%(objectname)%00%(upstream:track)%00%(upstream:remotename)%00%(upstream:remoteref) refs/heads/main refs/remotes/main [1ms]
2024-09-26 03:04:49.056 [info] > git status -z -uall [6ms]
2024-09-26 03:04:49.072 [info] > git for-each-ref --format=%(refname)%00%(upstream:short)%00%(objectname)%00%(upstream:track)%00%(upstream:remotename)%00%(upstream:remoteref) refs/heads/main refs/remotes/main [7ms]
2024-09-26 03:04:49.085 [info] > git config --local branch.main.vscode-merge-base [4ms]
2024-09-26 03:04:49.085 [warning] [Git][config] git config failed: Failed to execute git
2024-09-26 03:04:49.095 [info] > git reflog main --grep-reflog=branch: Created from *. [5ms]
2024-09-26 03:04:49.103 [info] > git symbolic-ref --short refs/remotes/origin/HEAD [3ms]
2024-09-26 03:04:49.103 [info] fatal: ref refs/remotes/origin/HEAD is not a symbolic ref
2024-09-26 03:04:54.087 [info] > git config --get commit.template [7ms]
2024-09-26 03:04:54.089 [info] > git for-each-ref --format=%(refname)%00%(upstream:short)%00%(objectname)%00%(upstream:track)%00%(upstream:remotename)%00%(upstream:remoteref) refs/heads/main refs/remotes/main [3ms]
2024-09-26 03:04:54.105 [info] > git status -z -uall [9ms]
2024-09-26 03:04:54.131 [info] > git for-each-ref --format=%(refname)%00%(upstream:short)%00%(objectname)%00%(upstream:track)%00%(upstream:remotename)%00%(upstream:remoteref) refs/heads/main refs/remotes/main [12ms]
2024-09-26 03:04:54.145 [info] > git config --local branch.main.vscode-merge-base [5ms]
2024-09-26 03:04:54.146 [warning] [Git][config] git config failed: Failed to execute git
2024-09-26 03:04:54.155 [info] > git reflog main --grep-reflog=branch: Created from *. [3ms]
2024-09-26 03:04:54.166 [info] > git symbolic-ref --short refs/remotes/origin/HEAD [5ms]
2024-09-26 03:04:54.167 [info] fatal: ref refs/remotes/origin/HEAD is not a symbolic ref
2024-09-26 03:05:54.461 [info] > git config --get commit.template [14ms]
2024-09-26 03:05:54.464 [info] > git for-each-ref --format=%(refname)%00%(upstream:short)%00%(objectname)%00%(upstream:track)%00%(upstream:remotename)%00%(upstream:remoteref) refs/heads/main refs/remotes/main [5ms]
2024-09-26 03:05:54.478 [info] > git status -z -uall [6ms]
2024-09-26 03:05:54.498 [info] > git for-each-ref --format=%(refname)%00%(upstream:short)%00%(objectname)%00%(upstream:track)%00%(upstream:remotename)%00%(upstream:remoteref) refs/heads/main refs/remotes/main [12ms]
2024-09-26 03:05:54.511 [info] > git config --local branch.main.vscode-merge-base [4ms]
2024-09-26 03:05:54.511 [warning] [Git][config] git config failed: Failed to execute git
2024-09-26 03:05:54.523 [info] > git reflog main --grep-reflog=branch: Created from *. [6ms]
2024-09-26 03:05:54.532 [info] > git symbolic-ref --short refs/remotes/origin/HEAD [2ms]
2024-09-26 03:05:54.533 [info] fatal: ref refs/remotes/origin/HEAD is not a symbolic ref
2024-09-26 03:05:59.509 [info] > git config --get commit.template [7ms]
2024-09-26 03:05:59.511 [info] > git for-each-ref --format=%(refname)%00%(upstream:short)%00%(objectname)%00%(upstream:track)%00%(upstream:remotename)%00%(upstream:remoteref) refs/heads/main refs/remotes/main [3ms]
2024-09-26 03:05:59.520 [info] > git status -z -uall [5ms]
2024-09-26 03:05:59.536 [info] > git for-each-ref --format=%(refname)%00%(upstream:short)%00%(objectname)%00%(upstream:track)%00%(upstream:remotename)%00%(upstream:remoteref) refs/heads/main refs/remotes/main [7ms]
2024-09-26 03:05:59.555 [info] > git config --local branch.main.vscode-merge-base [6ms]
2024-09-26 03:05:59.556 [warning] [Git][config] git config failed: Failed to execute git
2024-09-26 03:05:59.567 [info] > git reflog main --grep-reflog=branch: Created from *. [3ms]
2024-09-26 03:05:59.581 [info] > git symbolic-ref --short refs/remotes/origin/HEAD [7ms]
2024-09-26 03:05:59.581 [info] fatal: ref refs/remotes/origin/HEAD is not a symbolic ref
2024-09-26 03:07:12.074 [info] > git config --get commit.template [4ms]
2024-09-26 03:07:12.083 [info] > git for-each-ref --format=%(refname)%00%(upstream:short)%00%(objectname)%00%(upstream:track)%00%(upstream:remotename)%00%(upstream:remoteref) refs/heads/main refs/remotes/main [3ms]
2024-09-26 03:07:12.095 [info] > git status -z -uall [7ms]
2024-09-26 03:07:12.116 [info] > git for-each-ref --format=%(refname)%00%(upstream:short)%00%(objectname)%00%(upstream:track)%00%(upstream:remotename)%00%(upstream:remoteref) refs/heads/main refs/remotes/main [13ms]
2024-09-26 03:07:12.127 [info] > git config --local branch.main.vscode-merge-base [2ms]
2024-09-26 03:07:12.127 [warning] [Git][config] git config failed: Failed to execute git
2024-09-26 03:07:12.140 [info] > git reflog main --grep-reflog=branch: Created from *. [5ms]
2024-09-26 03:07:12.148 [info] > git symbolic-ref --short refs/remotes/origin/HEAD [1ms]
2024-09-26 03:07:12.148 [info] fatal: ref refs/remotes/origin/HEAD is not a symbolic ref
2024-09-26 03:09:07.856 [info] > git config --get commit.template [11ms]
2024-09-26 03:09:07.866 [info] > git for-each-ref --format=%(refname)%00%(upstream:short)%00%(objectname)%00%(upstream:track)%00%(upstream:remotename)%00%(upstream:remoteref) refs/heads/main refs/remotes/main [11ms]
2024-09-26 03:09:07.913 [info] > git status -z -uall [40ms]
2024-09-26 03:09:07.963 [info] > git for-each-ref --format=%(refname)%00%(upstream:short)%00%(objectname)%00%(upstream:track)%00%(upstream:remotename)%00%(upstream:remoteref) refs/heads/main refs/remotes/main [22ms]
2024-09-26 03:09:07.982 [info] > git config --local branch.main.vscode-merge-base [11ms]
2024-09-26 03:09:07.982 [warning] [Git][config] git config failed: Failed to execute git
2024-09-26 03:09:08.008 [info] > git reflog main --grep-reflog=branch: Created from *. [20ms]
2024-09-26 03:09:08.057 [info] > git symbolic-ref --short refs/remotes/origin/HEAD [41ms]
2024-09-26 03:09:08.057 [info] fatal: ref refs/remotes/origin/HEAD is not a symbolic ref
2024-09-26 03:09:12.975 [info] > git config --get commit.template [3ms]
2024-09-26 03:09:12.983 [info] > git for-each-ref --format=%(refname)%00%(upstream:short)%00%(objectname)%00%(upstream:track)%00%(upstream:remotename)%00%(upstream:remoteref) refs/heads/main refs/remotes/main [2ms]
2024-09-26 03:09:12.994 [info] > git status -z -uall [5ms]
2024-09-26 03:09:13.011 [info] > git for-each-ref --format=%(refname)%00%(upstream:short)%00%(objectname)%00%(upstream:track)%00%(upstream:remotename)%00%(upstream:remoteref) refs/heads/main refs/remotes/main [11ms]
2024-09-26 03:09:13.019 [info] > git config --local branch.main.vscode-merge-base [2ms]
2024-09-26 03:09:13.019 [warning] [Git][config] git config failed: Failed to execute git
2024-09-26 03:09:13.028 [info] > git reflog main --grep-reflog=branch: Created from *. [3ms]
2024-09-26 03:09:13.035 [info] > git symbolic-ref --short refs/remotes/origin/HEAD [2ms]
2024-09-26 03:09:13.035 [info] fatal: ref refs/remotes/origin/HEAD is not a symbolic ref
2024-09-26 03:09:18.021 [info] > git for-each-ref --format=%(refname)%00%(upstream:short)%00%(objectname)%00%(upstream:track)%00%(upstream:remotename)%00%(upstream:remoteref) refs/heads/main refs/remotes/main [3ms]
2024-09-26 03:09:18.022 [info] > git config --get commit.template [10ms]
2024-09-26 03:09:18.031 [info] > git status -z -uall [4ms]
2024-09-26 03:09:18.055 [info] > git for-each-ref --format=%(refname)%00%(upstream:short)%00%(objectname)%00%(upstream:track)%00%(upstream:remotename)%00%(upstream:remoteref) refs/heads/main refs/remotes/main [17ms]
2024-09-26 03:09:18.066 [info] > git config --local branch.main.vscode-merge-base [6ms]
2024-09-26 03:09:18.066 [warning] [Git][config] git config failed: Failed to execute git
2024-09-26 03:09:18.074 [info] > git reflog main --grep-reflog=branch: Created from *. [1ms]
2024-09-26 03:09:18.080 [info] > git symbolic-ref --short refs/remotes/origin/HEAD [2ms]
2024-09-26 03:09:18.080 [info] fatal: ref refs/remotes/origin/HEAD is not a symbolic ref
2024-09-26 03:09:19.099 [info] > git show --textconv :agent/ai/requirements.txt [16ms]
2024-09-26 03:09:19.107 [info] > git ls-files --stage -- /home/kali/Desktop/GSANM/agent/ai/requirements.txt [10ms]
2024-09-26 03:09:19.118 [info] > git cat-file -s b180f19376cdf8a27e32fbb3cea216940a7daf23 [6ms]
2024-09-26 03:09:20.465 [info] > git show --textconv :agent/ai/kafka_consumer.py [10ms]
2024-09-26 03:09:20.468 [info] > git ls-files --stage -- /home/kali/Desktop/GSANM/agent/ai/kafka_consumer.py [4ms]
2024-09-26 03:09:20.476 [info] > git cat-file -s 8508e688ef02d5f190a261283bd6c9ffedbbfcce [3ms]
2024-09-26 03:10:31.542 [info] > git config --get commit.template [13ms]
2024-09-26 03:10:31.545 [info] > git for-each-ref --format=%(refname)%00%(upstream:short)%00%(objectname)%00%(upstream:track)%00%(upstream:remotename)%00%(upstream:remoteref) refs/heads/main refs/remotes/main [9ms]
2024-09-26 03:10:31.569 [info] > git status -z -uall [4ms]
2024-09-26 03:10:31.610 [info] > git for-each-ref --format=%(refname)%00%(upstream:short)%00%(objectname)%00%(upstream:track)%00%(upstream:remotename)%00%(upstream:remoteref) refs/heads/main refs/remotes/main [18ms]
2024-09-26 03:10:31.628 [info] > git config --local branch.main.vscode-merge-base [8ms]
2024-09-26 03:10:31.629 [warning] [Git][config] git config failed: Failed to execute git
2024-09-26 03:10:31.644 [info] > git reflog main --grep-reflog=branch: Created from *. [8ms]
2024-09-26 03:10:31.664 [info] > git symbolic-ref --short refs/remotes/origin/HEAD [11ms]
2024-09-26 03:10:31.664 [info] fatal: ref refs/remotes/origin/HEAD is not a symbolic ref
2024-09-26 03:10:36.670 [info] > git config --get commit.template [36ms]
2024-09-26 03:10:36.676 [info] > git for-each-ref --format=%(refname)%00%(upstream:short)%00%(objectname)%00%(upstream:track)%00%(upstream:remotename)%00%(upstream:remoteref) refs/heads/main refs/remotes/main [18ms]
2024-09-26 03:10:36.691 [info] > git status -z -uall [7ms]
2024-09-26 03:10:36.721 [info] > git for-each-ref --format=%(refname)%00%(upstream:short)%00%(objectname)%00%(upstream:track)%00%(upstream:remotename)%00%(upstream:remoteref) refs/heads/main refs/remotes/main [18ms]
2024-09-26 03:10:36.737 [info] > git config --local branch.main.vscode-merge-base [3ms]
2024-09-26 03:10:36.737 [warning] [Git][config] git config failed: Failed to execute git
2024-09-26 03:10:36.754 [info] > git reflog main --grep-reflog=branch: Created from *. [8ms]
2024-09-26 03:10:36.762 [info] > git symbolic-ref --short refs/remotes/origin/HEAD [3ms]
2024-09-26 03:10:36.762 [info] fatal: ref refs/remotes/origin/HEAD is not a symbolic ref
2024-09-26 03:10:41.741 [info] > git config --get commit.template [9ms]
2024-09-26 03:10:41.742 [info] > git for-each-ref --format=%(refname)%00%(upstream:short)%00%(objectname)%00%(upstream:track)%00%(upstream:remotename)%00%(upstream:remoteref) refs/heads/main refs/remotes/main [4ms]
2024-09-26 03:10:41.752 [info] > git status -z -uall [4ms]
2024-09-26 03:10:41.770 [info] > git for-each-ref --format=%(refname)%00%(upstream:short)%00%(objectname)%00%(upstream:track)%00%(upstream:remotename)%00%(upstream:remoteref) refs/heads/main refs/remotes/main [6ms]
2024-09-26 03:10:41.781 [info] > git config --local branch.main.vscode-merge-base [6ms]
2024-09-26 03:10:41.781 [warning] [Git][config] git config failed: Failed to execute git
2024-09-26 03:10:41.792 [info] > git reflog main --grep-reflog=branch: Created from *. [4ms]
2024-09-26 03:10:41.798 [info] > git symbolic-ref --short refs/remotes/origin/HEAD [2ms]
2024-09-26 03:10:41.798 [info] fatal: ref refs/remotes/origin/HEAD is not a symbolic ref
2024-09-26 03:10:46.781 [info] > git config --get commit.template [6ms]
2024-09-26 03:10:46.782 [info] > git for-each-ref --format=%(refname)%00%(upstream:short)%00%(objectname)%00%(upstream:track)%00%(upstream:remotename)%00%(upstream:remoteref) refs/heads/main refs/remotes/main [2ms]
2024-09-26 03:10:46.794 [info] > git status -z -uall [6ms]
2024-09-26 03:10:46.818 [info] > git for-each-ref --format=%(refname)%00%(upstream:short)%00%(objectname)%00%(upstream:track)%00%(upstream:remotename)%00%(upstream:remoteref) refs/heads/main refs/remotes/main [11ms]
2024-09-26 03:10:46.834 [info] > git config --local branch.main.vscode-merge-base [7ms]
2024-09-26 03:10:46.834 [warning] [Git][config] git config failed: Failed to execute git
2024-09-26 03:10:46.848 [info] > git reflog main --grep-reflog=branch: Created from *. [3ms]
2024-09-26 03:10:46.855 [info] > git symbolic-ref --short refs/remotes/origin/HEAD [2ms]
2024-09-26 03:10:46.855 [info] fatal: ref refs/remotes/origin/HEAD is not a symbolic ref
2024-09-26 03:10:51.837 [info] > git config --get commit.template [9ms]
2024-09-26 03:10:51.839 [info] > git for-each-ref --format=%(refname)%00%(upstream:short)%00%(objectname)%00%(upstream:track)%00%(upstream:remotename)%00%(upstream:remoteref) refs/heads/main refs/remotes/main [2ms]
2024-09-26 03:10:51.853 [info] > git status -z -uall [7ms]
2024-09-26 03:10:51.868 [info] > git for-each-ref --format=%(refname)%00%(upstream:short)%00%(objectname)%00%(upstream:track)%00%(upstream:remotename)%00%(upstream:remoteref) refs/heads/main refs/remotes/main [8ms]
2024-09-26 03:10:51.876 [info] > git config --local branch.main.vscode-merge-base [0ms]
2024-09-26 03:10:51.876 [warning] [Git][config] git config failed: Failed to execute git
2024-09-26 03:10:51.898 [info] > git reflog main --grep-reflog=branch: Created from *. [7ms]
2024-09-26 03:10:51.910 [info] > git symbolic-ref --short refs/remotes/origin/HEAD [3ms]
2024-09-26 03:10:51.910 [info] fatal: ref refs/remotes/origin/HEAD is not a symbolic ref
2024-09-26 03:10:56.882 [info] > git config --get commit.template [9ms]
2024-09-26 03:10:56.887 [info] > git for-each-ref --format=%(refname)%00%(upstream:short)%00%(objectname)%00%(upstream:track)%00%(upstream:remotename)%00%(upstream:remoteref) refs/heads/main refs/remotes/main [6ms]
2024-09-26 03:10:56.905 [info] > git status -z -uall [11ms]
2024-09-26 03:10:56.924 [info] > git for-each-ref --format=%(refname)%00%(upstream:short)%00%(objectname)%00%(upstream:track)%00%(upstream:remotename)%00%(upstream:remoteref) refs/heads/main refs/remotes/main [9ms]
2024-09-26 03:10:56.931 [info] > git config --local branch.main.vscode-merge-base [1ms]
2024-09-26 03:10:56.931 [warning] [Git][config] git config failed: Failed to execute git
2024-09-26 03:10:56.941 [info] > git reflog main --grep-reflog=branch: Created from *. [5ms]
2024-09-26 03:10:56.948 [info] > git symbolic-ref --short refs/remotes/origin/HEAD [3ms]
2024-09-26 03:10:56.948 [info] fatal: ref refs/remotes/origin/HEAD is not a symbolic ref
2024-09-26 03:11:01.944 [info] > git config --get commit.template [11ms]
2024-09-26 03:11:01.946 [info] > git for-each-ref --format=%(refname)%00%(upstream:short)%00%(objectname)%00%(upstream:track)%00%(upstream:remotename)%00%(upstream:remoteref) refs/heads/main refs/remotes/main [4ms]
2024-09-26 03:11:01.963 [info] > git status -z -uall [10ms]
2024-09-26 03:11:01.983 [info] > git for-each-ref --format=%(refname)%00%(upstream:short)%00%(objectname)%00%(upstream:track)%00%(upstream:remotename)%00%(upstream:remoteref) refs/heads/main refs/remotes/main [7ms]
2024-09-26 03:11:02.002 [info] > git config --local branch.main.vscode-merge-base [9ms]
2024-09-26 03:11:02.002 [warning] [Git][config] git config failed: Failed to execute git
2024-09-26 03:11:02.010 [info] > git reflog main --grep-reflog=branch: Created from *. [3ms]
2024-09-26 03:11:02.019 [info] > git symbolic-ref --short refs/remotes/origin/HEAD [4ms]
2024-09-26 03:11:02.019 [info] fatal: ref refs/remotes/origin/HEAD is not a symbolic ref
2024-09-26 03:11:07.002 [info] > git config --get commit.template [6ms]
2024-09-26 03:11:07.009 [info] > git for-each-ref --format=%(refname)%00%(upstream:short)%00%(objectname)%00%(upstream:track)%00%(upstream:remotename)%00%(upstream:remoteref) refs/heads/main refs/remotes/main [6ms]
2024-09-26 03:11:07.019 [info] > git status -z -uall [5ms]
2024-09-26 03:11:07.059 [info] > git for-each-ref --format=%(refname)%00%(upstream:short)%00%(objectname)%00%(upstream:track)%00%(upstream:remotename)%00%(upstream:remoteref) refs/heads/main refs/remotes/main [13ms]
2024-09-26 03:11:07.117 [info] > git config --local branch.main.vscode-merge-base [20ms]
2024-09-26 03:11:07.117 [warning] [Git][config] git config failed: Failed to execute git
2024-09-26 03:11:07.210 [info] > git reflog main --grep-reflog=branch: Created from *. [83ms]
2024-09-26 03:11:07.230 [info] > git symbolic-ref --short refs/remotes/origin/HEAD [9ms]
2024-09-26 03:11:07.231 [info] fatal: ref refs/remotes/origin/HEAD is not a symbolic ref
2024-09-26 03:11:12.071 [info] > git for-each-ref --format=%(refname)%00%(upstream:short)%00%(objectname)%00%(upstream:track)%00%(upstream:remotename)%00%(upstream:remoteref) refs/heads/main refs/remotes/main [1ms]
2024-09-26 03:11:12.072 [info] > git config --get commit.template [9ms]
2024-09-26 03:11:12.082 [info] > git status -z -uall [2ms]
2024-09-26 03:11:12.098 [info] > git for-each-ref --format=%(refname)%00%(upstream:short)%00%(objectname)%00%(upstream:track)%00%(upstream:remotename)%00%(upstream:remoteref) refs/heads/main refs/remotes/main [5ms]
2024-09-26 03:11:12.105 [info] > git config --local branch.main.vscode-merge-base [2ms]
2024-09-26 03:11:12.106 [warning] [Git][config] git config failed: Failed to execute git
2024-09-26 03:11:12.114 [info] > git reflog main --grep-reflog=branch: Created from *. [4ms]
2024-09-26 03:11:12.121 [info] > git symbolic-ref --short refs/remotes/origin/HEAD [0ms]
2024-09-26 03:11:12.122 [info] fatal: ref refs/remotes/origin/HEAD is not a symbolic ref
2024-09-26 03:11:17.104 [info] > git config --get commit.template [2ms]
2024-09-26 03:11:17.112 [info] > git for-each-ref --format=%(refname)%00%(upstream:short)%00%(objectname)%00%(upstream:track)%00%(upstream:remotename)%00%(upstream:remoteref) refs/heads/main refs/remotes/main [3ms]
2024-09-26 03:11:17.129 [info] > git status -z -uall [4ms]
2024-09-26 03:11:17.146 [info] > git for-each-ref --format=%(refname)%00%(upstream:short)%00%(objectname)%00%(upstream:track)%00%(upstream:remotename)%00%(upstream:remoteref) refs/heads/main refs/remotes/main [9ms]
2024-09-26 03:11:17.156 [info] > git config --local branch.main.vscode-merge-base [4ms]
2024-09-26 03:11:17.156 [warning] [Git][config] git config failed: Failed to execute git
2024-09-26 03:11:17.167 [info] > git reflog main --grep-reflog=branch: Created from *. [5ms]
2024-09-26 03:11:17.175 [info] > git symbolic-ref --short refs/remotes/origin/HEAD [3ms]
2024-09-26 03:11:17.176 [info] fatal: ref refs/remotes/origin/HEAD is not a symbolic ref
2024-09-26 03:11:22.169 [info] > git config --get commit.template [12ms]
2024-09-26 03:11:22.171 [info] > git for-each-ref --format=%(refname)%00%(upstream:short)%00%(objectname)%00%(upstream:track)%00%(upstream:remotename)%00%(upstream:remoteref) refs/heads/main refs/remotes/main [3ms]
2024-09-26 03:11:22.182 [info] > git status -z -uall [5ms]
2024-09-26 03:11:22.197 [info] > git for-each-ref --format=%(refname)%00%(upstream:short)%00%(objectname)%00%(upstream:track)%00%(upstream:remotename)%00%(upstream:remoteref) refs/heads/main refs/remotes/main [7ms]
2024-09-26 03:11:22.206 [info] > git config --local branch.main.vscode-merge-base [3ms]
2024-09-26 03:11:22.206 [warning] [Git][config] git config failed: Failed to execute git
2024-09-26 03:11:22.219 [info] > git reflog main --grep-reflog=branch: Created from *. [6ms]
2024-09-26 03:11:22.230 [info] > git symbolic-ref --short refs/remotes/origin/HEAD [6ms]
2024-09-26 03:11:22.230 [info] fatal: ref refs/remotes/origin/HEAD is not a symbolic ref
2024-09-26 03:11:27.208 [info] > git config --get commit.template [4ms]
2024-09-26 03:11:27.216 [info] > git for-each-ref --format=%(refname)%00%(upstream:short)%00%(objectname)%00%(upstream:track)%00%(upstream:remotename)%00%(upstream:remoteref) refs/heads/main refs/remotes/main [2ms]
2024-09-26 03:11:27.227 [info] > git status -z -uall [4ms]
2024-09-26 03:11:27.243 [info] > git for-each-ref --format=%(refname)%00%(upstream:short)%00%(objectname)%00%(upstream:track)%00%(upstream:remotename)%00%(upstream:remoteref) refs/heads/main refs/remotes/main [9ms]
2024-09-26 03:11:27.257 [info] > git config --local branch.main.vscode-merge-base [4ms]
2024-09-26 03:11:27.258 [warning] [Git][config] git config failed: Failed to execute git
2024-09-26 03:11:27.268 [info] > git reflog main --grep-reflog=branch: Created from *. [2ms]
2024-09-26 03:11:27.275 [info] > git symbolic-ref --short refs/remotes/origin/HEAD [2ms]
2024-09-26 03:11:27.275 [info] fatal: ref refs/remotes/origin/HEAD is not a symbolic ref
2024-09-26 03:11:32.264 [info] > git config --get commit.template [7ms]
2024-09-26 03:11:32.266 [info] > git for-each-ref --format=%(refname)%00%(upstream:short)%00%(objectname)%00%(upstream:track)%00%(upstream:remotename)%00%(upstream:remoteref) refs/heads/main refs/remotes/main [3ms]
2024-09-26 03:11:32.281 [info] > git status -z -uall [9ms]
2024-09-26 03:11:32.298 [info] > git for-each-ref --format=%(refname)%00%(upstream:short)%00%(objectname)%00%(upstream:track)%00%(upstream:remotename)%00%(upstream:remoteref) refs/heads/main refs/remotes/main [7ms]
2024-09-26 03:11:32.307 [info] > git config --local branch.main.vscode-merge-base [3ms]
2024-09-26 03:11:32.307 [warning] [Git][config] git config failed: Failed to execute git
2024-09-26 03:11:32.318 [info] > git reflog main --grep-reflog=branch: Created from *. [1ms]
2024-09-26 03:11:32.324 [info] > git symbolic-ref --short refs/remotes/origin/HEAD [3ms]
2024-09-26 03:11:32.324 [info] fatal: ref refs/remotes/origin/HEAD is not a symbolic ref
2024-09-26 03:11:37.322 [info] > git config --get commit.template [13ms]
2024-09-26 03:11:37.326 [info] > git for-each-ref --format=%(refname)%00%(upstream:short)%00%(objectname)%00%(upstream:track)%00%(upstream:remotename)%00%(upstream:remoteref) refs/heads/main refs/remotes/main [5ms]
2024-09-26 03:11:37.345 [info] > git status -z -uall [9ms]
2024-09-26 03:11:37.382 [info] > git for-each-ref --format=%(refname)%00%(upstream:short)%00%(objectname)%00%(upstream:track)%00%(upstream:remotename)%00%(upstream:remoteref) refs/heads/main refs/remotes/main [9ms]
2024-09-26 03:11:37.398 [info] > git config --local branch.main.vscode-merge-base [7ms]
2024-09-26 03:11:37.398 [warning] [Git][config] git config failed: Failed to execute git
2024-09-26 03:11:37.414 [info] > git reflog main --grep-reflog=branch: Created from *. [8ms]
2024-09-26 03:11:37.424 [info] > git symbolic-ref --short refs/remotes/origin/HEAD [3ms]
2024-09-26 03:11:37.425 [info] fatal: ref refs/remotes/origin/HEAD is not a symbolic ref
2024-09-26 03:11:42.392 [info] > git config --get commit.template [3ms]
2024-09-26 03:11:42.402 [info] > git for-each-ref --format=%(refname)%00%(upstream:short)%00%(objectname)%00%(upstream:track)%00%(upstream:remotename)%00%(upstream:remoteref) refs/heads/main refs/remotes/main [4ms]
2024-09-26 03:11:42.415 [info] > git status -z -uall [7ms]
2024-09-26 03:11:42.436 [info] > git for-each-ref --format=%(refname)%00%(upstream:short)%00%(objectname)%00%(upstream:track)%00%(upstream:remotename)%00%(upstream:remoteref) refs/heads/main refs/remotes/main [10ms]
2024-09-26 03:11:42.448 [info] > git config --local branch.main.vscode-merge-base [4ms]
2024-09-26 03:11:42.448 [warning] [Git][config] git config failed: Failed to execute git
2024-09-26 03:11:42.460 [info] > git reflog main --grep-reflog=branch: Created from *. [1ms]
2024-09-26 03:11:42.468 [info] > git symbolic-ref --short refs/remotes/origin/HEAD [3ms]
2024-09-26 03:11:42.468 [info] fatal: ref refs/remotes/origin/HEAD is not a symbolic ref
2024-09-26 03:11:47.452 [info] > git config --get commit.template [6ms]
2024-09-26 03:11:47.454 [info] > git for-each-ref --format=%(refname)%00%(upstream:short)%00%(objectname)%00%(upstream:track)%00%(upstream:remotename)%00%(upstream:remoteref) refs/heads/main refs/remotes/main [3ms]
2024-09-26 03:11:47.466 [info] > git status -z -uall [6ms]
2024-09-26 03:11:47.483 [info] > git for-each-ref --format=%(refname)%00%(upstream:short)%00%(objectname)%00%(upstream:track)%00%(upstream:remotename)%00%(upstream:remoteref) refs/heads/main refs/remotes/main [6ms]
2024-09-26 03:11:47.492 [info] > git config --local branch.main.vscode-merge-base [3ms]
2024-09-26 03:11:47.492 [warning] [Git][config] git config failed: Failed to execute git
2024-09-26 03:11:47.502 [info] > git reflog main --grep-reflog=branch: Created from *. [4ms]
2024-09-26 03:11:47.508 [info] > git symbolic-ref --short refs/remotes/origin/HEAD [2ms]
2024-09-26 03:11:47.508 [info] fatal: ref refs/remotes/origin/HEAD is not a symbolic ref
2024-09-26 03:11:52.502 [info] > git config --get commit.template [8ms]
2024-09-26 03:11:52.505 [info] > git for-each-ref --format=%(refname)%00%(upstream:short)%00%(objectname)%00%(upstream:track)%00%(upstream:remotename)%00%(upstream:remoteref) refs/heads/main refs/remotes/main [4ms]
2024-09-26 03:11:52.518 [info] > git status -z -uall [7ms]
2024-09-26 03:11:52.539 [info] > git for-each-ref --format=%(refname)%00%(upstream:short)%00%(objectname)%00%(upstream:track)%00%(upstream:remotename)%00%(upstream:remoteref) refs/heads/main refs/remotes/main [11ms]
2024-09-26 03:11:52.552 [info] > git config --local branch.main.vscode-merge-base [3ms]
2024-09-26 03:11:52.553 [warning] [Git][config] git config failed: Failed to execute git
2024-09-26 03:11:52.564 [info] > git reflog main --grep-reflog=branch: Created from *. [5ms]
2024-09-26 03:11:52.572 [info] > git symbolic-ref --short refs/remotes/origin/HEAD [3ms]
2024-09-26 03:11:52.572 [info] fatal: ref refs/remotes/origin/HEAD is not a symbolic ref
2024-09-26 03:11:57.557 [info] > git config --get commit.template [8ms]
2024-09-26 03:11:57.560 [info] > git for-each-ref --format=%(refname)%00%(upstream:short)%00%(objectname)%00%(upstream:track)%00%(upstream:remotename)%00%(upstream:remoteref) refs/heads/main refs/remotes/main [4ms]
2024-09-26 03:11:57.571 [info] > git status -z -uall [5ms]
2024-09-26 03:11:57.594 [info] > git for-each-ref --format=%(refname)%00%(upstream:short)%00%(objectname)%00%(upstream:track)%00%(upstream:remotename)%00%(upstream:remoteref) refs/heads/main refs/remotes/main [14ms]
2024-09-26 03:11:57.607 [info] > git config --local branch.main.vscode-merge-base [6ms]
2024-09-26 03:11:57.613 [warning] [Git][config] git config failed: Failed to execute git
2024-09-26 03:11:57.635 [info] > git reflog main --grep-reflog=branch: Created from *. [11ms]
2024-09-26 03:11:57.654 [info] > git symbolic-ref --short refs/remotes/origin/HEAD [7ms]
2024-09-26 03:11:57.654 [info] fatal: ref refs/remotes/origin/HEAD is not a symbolic ref
2024-09-26 03:12:02.611 [info] > git config --get commit.template [8ms]
2024-09-26 03:12:02.614 [info] > git for-each-ref --format=%(refname)%00%(upstream:short)%00%(objectname)%00%(upstream:track)%00%(upstream:remotename)%00%(upstream:remoteref) refs/heads/main refs/remotes/main [3ms]
2024-09-26 03:12:02.625 [info] > git status -z -uall [6ms]
2024-09-26 03:12:02.645 [info] > git for-each-ref --format=%(refname)%00%(upstream:short)%00%(objectname)%00%(upstream:track)%00%(upstream:remotename)%00%(upstream:remoteref) refs/heads/main refs/remotes/main [12ms]
2024-09-26 03:12:02.657 [info] > git config --local branch.main.vscode-merge-base [5ms]
2024-09-26 03:12:02.657 [warning] [Git][config] git config failed: Failed to execute git
2024-09-26 03:12:02.666 [info] > git reflog main --grep-reflog=branch: Created from *. [2ms]
2024-09-26 03:12:02.672 [info] > git symbolic-ref --short refs/remotes/origin/HEAD [2ms]
2024-09-26 03:12:02.672 [info] fatal: ref refs/remotes/origin/HEAD is not a symbolic ref
2024-09-26 03:12:07.661 [info] > git config --get commit.template [7ms]
2024-09-26 03:12:07.663 [info] > git for-each-ref --format=%(refname)%00%(upstream:short)%00%(objectname)%00%(upstream:track)%00%(upstream:remotename)%00%(upstream:remoteref) refs/heads/main refs/remotes/main [4ms]
2024-09-26 03:12:07.676 [info] > git status -z -uall [7ms]
2024-09-26 03:12:07.696 [info] > git for-each-ref --format=%(refname)%00%(upstream:short)%00%(objectname)%00%(upstream:track)%00%(upstream:remotename)%00%(upstream:remoteref) refs/heads/main refs/remotes/main [12ms]
2024-09-26 03:12:07.705 [info] > git config --local branch.main.vscode-merge-base [3ms]
2024-09-26 03:12:07.705 [warning] [Git][config] git config failed: Failed to execute git
2024-09-26 03:12:07.716 [info] > git reflog main --grep-reflog=branch: Created from *. [3ms]
2024-09-26 03:12:07.724 [info] > git symbolic-ref --short refs/remotes/origin/HEAD [3ms]
2024-09-26 03:12:07.724 [info] fatal: ref refs/remotes/origin/HEAD is not a symbolic ref
2024-09-26 03:12:12.709 [info] > git config --get commit.template [7ms]
2024-09-26 03:12:12.712 [info] > git for-each-ref --format=%(refname)%00%(upstream:short)%00%(objectname)%00%(upstream:track)%00%(upstream:remotename)%00%(upstream:remoteref) refs/heads/main refs/remotes/main [4ms]
2024-09-26 03:12:12.724 [info] > git status -z -uall [6ms]
2024-09-26 03:12:12.742 [info] > git for-each-ref --format=%(refname)%00%(upstream:short)%00%(objectname)%00%(upstream:track)%00%(upstream:remotename)%00%(upstream:remoteref) refs/heads/main refs/remotes/main [9ms]
2024-09-26 03:12:12.752 [info] > git config --local branch.main.vscode-merge-base [4ms]
2024-09-26 03:12:12.752 [warning] [Git][config] git config failed: Failed to execute git
2024-09-26 03:12:12.764 [info] > git reflog main --grep-reflog=branch: Created from *. [6ms]
2024-09-26 03:12:12.772 [info] > git symbolic-ref --short refs/remotes/origin/HEAD [2ms]
2024-09-26 03:12:12.772 [info] fatal: ref refs/remotes/origin/HEAD is not a symbolic ref
2024-09-26 03:12:17.759 [info] > git config --get commit.template [6ms]
2024-09-26 03:12:17.760 [info] > git for-each-ref --format=%(refname)%00%(upstream:short)%00%(objectname)%00%(upstream:track)%00%(upstream:remotename)%00%(upstream:remoteref) refs/heads/main refs/remotes/main [2ms]
2024-09-26 03:12:17.772 [info] > git status -z -uall [1ms]
2024-09-26 03:12:17.791 [info] > git for-each-ref --format=%(refname)%00%(upstream:short)%00%(objectname)%00%(upstream:track)%00%(upstream:remotename)%00%(upstream:remoteref) refs/heads/main refs/remotes/main [8ms]
2024-09-26 03:12:17.802 [info] > git config --local branch.main.vscode-merge-base [5ms]
2024-09-26 03:12:17.802 [warning] [Git][config] git config failed: Failed to execute git
2024-09-26 03:12:17.812 [info] > git reflog main --grep-reflog=branch: Created from *. [4ms]
2024-09-26 03:12:17.820 [info] > git symbolic-ref --short refs/remotes/origin/HEAD [4ms]
2024-09-26 03:12:17.820 [info] fatal: ref refs/remotes/origin/HEAD is not a symbolic ref
2024-09-26 03:12:22.866 [info] > git config --get commit.template [34ms]
2024-09-26 03:12:22.873 [info] > git for-each-ref --format=%(refname)%00%(upstream:short)%00%(objectname)%00%(upstream:track)%00%(upstream:remotename)%00%(upstream:remoteref) refs/heads/main refs/remotes/main [10ms]
2024-09-26 03:12:22.889 [info] > git status -z -uall [8ms]
2024-09-26 03:12:22.916 [info] > git for-each-ref --format=%(refname)%00%(upstream:short)%00%(objectname)%00%(upstream:track)%00%(upstream:remotename)%00%(upstream:remoteref) refs/heads/main refs/remotes/main [16ms]
2024-09-26 03:12:22.950 [info] > git config --local branch.main.vscode-merge-base [17ms]
2024-09-26 03:12:22.950 [warning] [Git][config] git config failed: Failed to execute git
2024-09-26 03:12:22.968 [info] > git reflog main --grep-reflog=branch: Created from *. [3ms]
2024-09-26 03:12:22.975 [info] > git symbolic-ref --short refs/remotes/origin/HEAD [1ms]
2024-09-26 03:12:22.975 [info] fatal: ref refs/remotes/origin/HEAD is not a symbolic ref
2024-09-26 03:12:27.931 [info] > git config --get commit.template [6ms]
2024-09-26 03:12:27.937 [info] > git for-each-ref --format=%(refname)%00%(upstream:short)%00%(objectname)%00%(upstream:track)%00%(upstream:remotename)%00%(upstream:remoteref) refs/heads/main refs/remotes/main [7ms]
2024-09-26 03:12:27.951 [info] > git status -z -uall [6ms]
2024-09-26 03:12:27.970 [info] > git for-each-ref --format=%(refname)%00%(upstream:short)%00%(objectname)%00%(upstream:track)%00%(upstream:remotename)%00%(upstream:remoteref) refs/heads/main refs/remotes/main [8ms]
2024-09-26 03:12:27.985 [info] > git config --local branch.main.vscode-merge-base [7ms]
2024-09-26 03:12:27.985 [warning] [Git][config] git config failed: Failed to execute git
2024-09-26 03:12:27.995 [info] > git reflog main --grep-reflog=branch: Created from *. [4ms]
2024-09-26 03:12:28.002 [info] > git symbolic-ref --short refs/remotes/origin/HEAD [2ms]
2024-09-26 03:12:28.002 [info] fatal: ref refs/remotes/origin/HEAD is not a symbolic ref
2024-09-26 03:12:32.988 [info] > git config --get commit.template [7ms]
2024-09-26 03:12:32.990 [info] > git for-each-ref --format=%(refname)%00%(upstream:short)%00%(objectname)%00%(upstream:track)%00%(upstream:remotename)%00%(upstream:remoteref) refs/heads/main refs/remotes/main [3ms]
2024-09-26 03:12:33.002 [info] > git status -z -uall [7ms]
2024-09-26 03:12:33.019 [info] > git for-each-ref --format=%(refname)%00%(upstream:short)%00%(objectname)%00%(upstream:track)%00%(upstream:remotename)%00%(upstream:remoteref) refs/heads/main refs/remotes/main [8ms]
2024-09-26 03:12:33.031 [info] > git config --local branch.main.vscode-merge-base [3ms]
2024-09-26 03:12:33.031 [warning] [Git][config] git config failed: Failed to execute git
2024-09-26 03:12:33.041 [info] > git reflog main --grep-reflog=branch: Created from *. [4ms]
2024-09-26 03:12:33.049 [info] > git symbolic-ref --short refs/remotes/origin/HEAD [2ms]
2024-09-26 03:12:33.049 [info] fatal: ref refs/remotes/origin/HEAD is not a symbolic ref
2024-09-26 03:15:07.049 [info] > git config --get commit.template [9ms]
2024-09-26 03:15:07.054 [info] > git for-each-ref --format=%(refname)%00%(upstream:short)%00%(objectname)%00%(upstream:track)%00%(upstream:remotename)%00%(upstream:remoteref) refs/heads/main refs/remotes/main [5ms]
2024-09-26 03:15:07.070 [info] > git status -z -uall [8ms]
2024-09-26 03:15:07.090 [info] > git for-each-ref --format=%(refname)%00%(upstream:short)%00%(objectname)%00%(upstream:track)%00%(upstream:remotename)%00%(upstream:remoteref) refs/heads/main refs/remotes/main [10ms]
2024-09-26 03:15:07.106 [info] > git config --local branch.main.vscode-merge-base [4ms]
2024-09-26 03:15:07.106 [warning] [Git][config] git config failed: Failed to execute git
2024-09-26 03:15:07.134 [info] > git reflog main --grep-reflog=branch: Created from *. [14ms]
2024-09-26 03:15:07.159 [info] > git symbolic-ref --short refs/remotes/origin/HEAD [10ms]
2024-09-26 03:15:07.159 [info] fatal: ref refs/remotes/origin/HEAD is not a symbolic ref
