2024-09-26 02:52:45.776 [info] (Client) Pylance async client (2024.9.2) started with python extension (2024.14.1)
2024-09-26 02:52:46.876 [info] [Info  - 2:52:46 AM] (12813) Server root directory: file:///root/.vscode/extensions/ms-python.vscode-pylance-2024.9.2/dist
2024-09-26 02:52:46.876 [info] [Info  - 2:52:46 AM] (12813) Pylance language server 2024.9.2 (pyright version 1.1.378, commit ce64adc1) starting
2024-09-26 02:52:46.882 [info] [Info  - 2:52:46 AM] (12813) Starting service instance "GSANM"
2024-09-26 02:52:47.072 [info] [Info  - 2:52:47 AM] (12813) Setting environmentName for service "GSANM": "3.11.9 (global)"
2024-09-26 02:52:47.072 [info] [Info  - 2:52:47 AM] (12813) Setting pythonPath for service "GSANM": "/bin/python"
2024-09-26 02:52:47.073 [info] [Info  - 2:52:47 AM] (12813) No include entries specified; assuming /home/kali/Desktop/GSANM
2024-09-26 02:52:47.081 [info] [Info  - 2:52:47 AM] (12813) Auto-excluding **/node_modules
2024-09-26 02:52:47.084 [info] [Info  - 2:52:47 AM] (12813) Auto-excluding **/__pycache__
2024-09-26 02:52:47.085 [info] [Info  - 2:52:47 AM] (12813) Auto-excluding **/.*
2024-09-26 02:52:47.153 [info] [Info  - 2:52:47 AM] (12813) Assuming Python version 3.11.9.final.0
2024-09-26 02:52:48.114 [info] [Info  - 2:52:48 AM] (12813) Found 1 source file
2024-09-26 02:52:50.287 [info] [Info  - 2:52:50 AM] (12813) Background analysis(1) root directory: file:///root/.vscode/extensions/ms-python.vscode-pylance-2024.9.2/dist
2024-09-26 02:52:50.287 [info] [Info  - 2:52:50 AM] (12813) Background analysis(1) started
2024-09-26 02:52:51.327 [info] [Info  - 2:52:51 AM] (12813) Indexer background runner(2) root directory: file:///root/.vscode/extensions/ms-python.vscode-pylance-2024.9.2/dist (index)
2024-09-26 02:52:51.330 [info] [Info  - 2:52:51 AM] (12813) Indexing(2) started
2024-09-26 02:52:54.784 [info] [Info  - 2:52:54 AM] (12813) [BG(1)] Long operation: SemanticTokens full at file:///home/kali/Desktop/GSANM/agent/ai/kafka_consumer.py (4358ms)
2024-09-26 02:52:58.714 [info] [Info  - 2:52:58 AM] (12813) [IDX(2)] Long operation: scan packages file:///home/kali/Desktop/GSANM (6159ms)
2024-09-26 02:52:58.714 [info] [Info  - 2:52:58 AM] (12813) scanned(2) 761 files over 1 exec env
2024-09-26 02:53:01.770 [info] [Info  - 2:53:01 AM] (12813) indexed(2) 545 files over 1 exec env
2024-09-26 02:53:03.247 [info] [Info  - 2:53:03 AM] (12813) Indexing finished(2).
