2024-09-26 02:52:41.581 [info] Experiment 'pythonRecommendTensorboardExt' is active
2024-09-26 02:52:41.581 [info] Experiment 'pythonTerminalEnvVarActivation' is active
2024-09-26 02:52:41.581 [info] Experiment 'pythonTestAdapter' is active
2024-09-26 02:52:41.602 [warning] Dir "/home/kali/Desktop/GSANM/.pixi/envs" is not watchable (directory does not exist)
2024-09-26 02:52:42.052 [info] Default formatter is set to null for workspace /home/kali/Desktop/GSANM
2024-09-26 02:52:42.072 [info] Starting Environment refresh
2024-09-26 02:52:42.072 [info] Searching for interpreters in posix paths locator
2024-09-26 02:52:42.091 [info] Searching for pyenv environments
2024-09-26 02:52:42.091 [info] Searching for conda environments
2024-09-26 02:52:42.095 [info] Searching for global virtual environments
2024-09-26 02:52:42.096 [info] Searching for custom virtual environments
2024-09-26 02:52:42.135 [info] pyenv is not installed
2024-09-26 02:52:42.135 [info] Finished searching for pyenv environments: 63 milliseconds
2024-09-26 02:52:42.142 [info] Finished searching for custom virtual envs: 66 milliseconds
2024-09-26 02:52:42.206 [info] > conda info --json
2024-09-26 02:52:42.249 [info] > pixi --version
2024-09-26 02:52:42.301 [info] > hatch env show --json
2024-09-26 02:52:42.301 [info] cwd: .
2024-09-26 02:52:42.367 [info] > pyenv which python
2024-09-26 02:52:42.367 [info] cwd: .
2024-09-26 02:52:42.367 [info] Finished searching for global virtual envs: 292 milliseconds
2024-09-26 02:52:43.903 [info] Found: /bin/python --> /bin/python3.11
2024-09-26 02:52:43.917 [info] Found: /bin/python2 --> /bin/python2.7
2024-09-26 02:52:43.919 [info] Found: /bin/python2.7 --> /bin/python2.7
2024-09-26 02:52:43.924 [info] Found: /bin/python3 --> /bin/python3.11
2024-09-26 02:52:43.925 [info] Found: /bin/python3.11 --> /bin/python3.11
2024-09-26 02:52:44.059 [info] Found: /usr/bin/python --> /usr/bin/python3.11
2024-09-26 02:52:44.122 [info] Found: /usr/bin/python2 --> /usr/bin/python2.7
2024-09-26 02:52:44.128 [info] Found: /usr/bin/python2.7 --> /usr/bin/python2.7
2024-09-26 02:52:44.148 [info] Found: /usr/bin/python3 --> /usr/bin/python3.11
2024-09-26 02:52:44.162 [info] Found: /usr/bin/python3.11 --> /usr/bin/python3.11
2024-09-26 02:52:44.469 [info] > /bin/python -I ~/.vscode/extensions/ms-python.python-2024.14.1-linux-x64/python_files/get_output_via_markers.py ~/.vscode/extensions/ms-python.python-2024.14.1-linux-x64/python_files/interpreterInfo.py
2024-09-26 02:52:44.524 [info] > /bin/python2 -I ~/.vscode/extensions/ms-python.python-2024.14.1-linux-x64/python_files/get_output_via_markers.py ~/.vscode/extensions/ms-python.python-2024.14.1-linux-x64/python_files/interpreterInfo.py
2024-09-26 02:52:44.573 [warning] [Error: Command failed: /bin/python2 -I /root/.vscode/extensions/ms-python.python-2024.14.1-linux-x64/python_files/get_output_via_markers.py /root/.vscode/extensions/ms-python.python-2024.14.1-linux-x64/python_files/interpreterInfo.py
Unknown option: -I
usage: /bin/python2 [option] ... [-c cmd | -m mod | file | -] [arg] ...
Try `python -h' for more information.

	at genericNodeError (node:internal/errors:984:15)
	at wrappedFn (node:internal/errors:538:14)
	at ChildProcess.exithandler (node:child_process:423:12)
	at ChildProcess.emit (node:events:531:35)
	at maybeClose (node:internal/child_process:1105:16)
	at Socket.<anonymous> (node:internal/child_process:457:11)
	at Socket.emit (node:events:519:28)
	at Pipe.<anonymous> (node:net:338:12)] {
  code: 2,
  killed: false,
  signal: null,
  cmd: '/bin/python2 -I /root/.vscode/extensions/ms-python.python-2024.14.1-linux-x64/python_files/get_output_via_markers.py /root/.vscode/extensions/ms-python.python-2024.14.1-linux-x64/python_files/interpreterInfo.py'
}
2024-09-26 02:52:44.573 [error] Support for Python 2.7 has been dropped by the Python extension so certain features may not work, upgrade to using Python 3.
2024-09-26 02:52:44.601 [info] > /bin/python2 ~/.vscode/extensions/ms-python.python-2024.14.1-linux-x64/python_files/get_output_via_markers.py ~/.vscode/extensions/ms-python.python-2024.14.1-linux-x64/python_files/interpreterInfo.py
2024-09-26 02:52:44.673 [info] Finished searching for interpreters in posix paths locator: 2581 milliseconds
2024-09-26 02:52:44.673 [info] > /usr/bin/python -I ~/.vscode/extensions/ms-python.python-2024.14.1-linux-x64/python_files/get_output_via_markers.py ~/.vscode/extensions/ms-python.python-2024.14.1-linux-x64/python_files/interpreterInfo.py
2024-09-26 02:52:44.752 [info] > /usr/bin/python2 -I ~/.vscode/extensions/ms-python.python-2024.14.1-linux-x64/python_files/get_output_via_markers.py ~/.vscode/extensions/ms-python.python-2024.14.1-linux-x64/python_files/interpreterInfo.py
2024-09-26 02:52:44.752 [info] Environments refresh paths discovered (event): 2682 milliseconds
2024-09-26 02:52:44.752 [info] Environments refresh paths discovered: 2683 milliseconds
2024-09-26 02:52:44.781 [warning] [Error: Command failed: /usr/bin/python2 -I /root/.vscode/extensions/ms-python.python-2024.14.1-linux-x64/python_files/get_output_via_markers.py /root/.vscode/extensions/ms-python.python-2024.14.1-linux-x64/python_files/interpreterInfo.py
Unknown option: -I
usage: /usr/bin/python2 [option] ... [-c cmd | -m mod | file | -] [arg] ...
Try `python -h' for more information.

	at genericNodeError (node:internal/errors:984:15)
	at wrappedFn (node:internal/errors:538:14)
	at ChildProcess.exithandler (node:child_process:423:12)
	at ChildProcess.emit (node:events:531:35)
	at maybeClose (node:internal/child_process:1105:16)
	at Socket.<anonymous> (node:internal/child_process:457:11)
	at Socket.emit (node:events:519:28)
	at Pipe.<anonymous> (node:net:338:12)] {
  code: 2,
  killed: false,
  signal: null,
  cmd: '/usr/bin/python2 -I /root/.vscode/extensions/ms-python.python-2024.14.1-linux-x64/python_files/get_output_via_markers.py /root/.vscode/extensions/ms-python.python-2024.14.1-linux-x64/python_files/interpreterInfo.py'
}
2024-09-26 02:52:44.781 [error] Support for Python 2.7 has been dropped by the Python extension so certain features may not work, upgrade to using Python 3.
2024-09-26 02:52:44.806 [info] > /usr/bin/python2 ~/.vscode/extensions/ms-python.python-2024.14.1-linux-x64/python_files/get_output_via_markers.py ~/.vscode/extensions/ms-python.python-2024.14.1-linux-x64/python_files/interpreterInfo.py
2024-09-26 02:52:44.901 [info] Environments refresh finished (event): 2832 milliseconds
2024-09-26 02:52:44.936 [info] Environment refresh took 2864 milliseconds
2024-09-26 02:52:44.985 [warning] could not find a pixi interpreter for the interpreter at /bin/python
2024-09-26 02:52:45.083 [info] Python interpreter path: /bin/python
2024-09-26 02:52:45.098 [warning] could not find a pixi interpreter for the interpreter at /bin/python
2024-09-26 02:52:45.140 [warning] could not find a pixi interpreter for the interpreter at /bin/python
2024-09-26 02:52:45.279 [info] > /usr/bin/python2.7 -I ~/.vscode/extensions/ms-python.python-2024.14.1-linux-x64/python_files/get_output_via_markers.py ~/.vscode/extensions/ms-python.python-2024.14.1-linux-x64/python_files/interpreterInfo.py
2024-09-26 02:52:45.289 [info] > /bin/python2.7 -I ~/.vscode/extensions/ms-python.python-2024.14.1-linux-x64/python_files/get_output_via_markers.py ~/.vscode/extensions/ms-python.python-2024.14.1-linux-x64/python_files/interpreterInfo.py
2024-09-26 02:52:45.320 [info] > /bin/python3.11 -I ~/.vscode/extensions/ms-python.python-2024.14.1-linux-x64/python_files/get_output_via_markers.py ~/.vscode/extensions/ms-python.python-2024.14.1-linux-x64/python_files/interpreterInfo.py
2024-09-26 02:52:45.362 [info] > /usr/bin/python3.11 -I ~/.vscode/extensions/ms-python.python-2024.14.1-linux-x64/python_files/get_output_via_markers.py ~/.vscode/extensions/ms-python.python-2024.14.1-linux-x64/python_files/interpreterInfo.py
2024-09-26 02:52:45.372 [warning] [Error: Command failed: /usr/bin/python2.7 -I /root/.vscode/extensions/ms-python.python-2024.14.1-linux-x64/python_files/get_output_via_markers.py /root/.vscode/extensions/ms-python.python-2024.14.1-linux-x64/python_files/interpreterInfo.py
Unknown option: -I
usage: /usr/bin/python2.7 [option] ... [-c cmd | -m mod | file | -] [arg] ...
Try `python -h' for more information.

	at genericNodeError (node:internal/errors:984:15)
	at wrappedFn (node:internal/errors:538:14)
	at ChildProcess.exithandler (node:child_process:423:12)
	at ChildProcess.emit (node:events:531:35)
	at maybeClose (node:internal/child_process:1105:16)
	at Socket.<anonymous> (node:internal/child_process:457:11)
	at Socket.emit (node:events:519:28)
	at Pipe.<anonymous> (node:net:338:12)] {
  code: 2,
  killed: false,
  signal: null,
  cmd: '/usr/bin/python2.7 -I /root/.vscode/extensions/ms-python.python-2024.14.1-linux-x64/python_files/get_output_via_markers.py /root/.vscode/extensions/ms-python.python-2024.14.1-linux-x64/python_files/interpreterInfo.py'
}
2024-09-26 02:52:45.372 [error] Support for Python 2.7 has been dropped by the Python extension so certain features may not work, upgrade to using Python 3.
2024-09-26 02:52:45.405 [info] > /usr/bin/python2.7 ~/.vscode/extensions/ms-python.python-2024.14.1-linux-x64/python_files/get_output_via_markers.py ~/.vscode/extensions/ms-python.python-2024.14.1-linux-x64/python_files/interpreterInfo.py
2024-09-26 02:52:45.406 [warning] [Error: Command failed: /bin/python2.7 -I /root/.vscode/extensions/ms-python.python-2024.14.1-linux-x64/python_files/get_output_via_markers.py /root/.vscode/extensions/ms-python.python-2024.14.1-linux-x64/python_files/interpreterInfo.py
Unknown option: -I
usage: /bin/python2.7 [option] ... [-c cmd | -m mod | file | -] [arg] ...
Try `python -h' for more information.

	at genericNodeError (node:internal/errors:984:15)
	at wrappedFn (node:internal/errors:538:14)
	at ChildProcess.exithandler (node:child_process:423:12)
	at ChildProcess.emit (node:events:531:35)
	at maybeClose (node:internal/child_process:1105:16)
	at Socket.<anonymous> (node:internal/child_process:457:11)
	at Socket.emit (node:events:519:28)
	at Pipe.<anonymous> (node:net:338:12)] {
  code: 2,
  killed: false,
  signal: null,
  cmd: '/bin/python2.7 -I /root/.vscode/extensions/ms-python.python-2024.14.1-linux-x64/python_files/get_output_via_markers.py /root/.vscode/extensions/ms-python.python-2024.14.1-linux-x64/python_files/interpreterInfo.py'
}
2024-09-26 02:52:45.406 [error] Support for Python 2.7 has been dropped by the Python extension so certain features may not work, upgrade to using Python 3.
2024-09-26 02:52:45.449 [info] > /bin/python2.7 ~/.vscode/extensions/ms-python.python-2024.14.1-linux-x64/python_files/get_output_via_markers.py ~/.vscode/extensions/ms-python.python-2024.14.1-linux-x64/python_files/interpreterInfo.py
2024-09-26 02:52:45.591 [info] > /usr/bin/python3 -I ~/.vscode/extensions/ms-python.python-2024.14.1-linux-x64/python_files/get_output_via_markers.py ~/.vscode/extensions/ms-python.python-2024.14.1-linux-x64/python_files/interpreterInfo.py
2024-09-26 02:52:45.673 [info] > /bin/python3 -I ~/.vscode/extensions/ms-python.python-2024.14.1-linux-x64/python_files/get_output_via_markers.py ~/.vscode/extensions/ms-python.python-2024.14.1-linux-x64/python_files/interpreterInfo.py
2024-09-26 02:52:46.948 [info] Starting Pylance language server.
2024-09-26 02:53:04.425 [info] Discover tests for workspace name: GSANM - uri: /home/kali/Desktop/GSANM/agent/ai/kafka_consumer.py
2024-09-26 02:55:24.830 [info] Discover tests for workspace name: GSANM - uri: /home/kali/Desktop/GSANM/agent/ai/kafka_consumer.py
2024-09-26 03:09:18.862 [info] Running installed packages checker:  {
  id: '/bin/python',
  sysPrefix: '/usr',
  envType: 'Global',
  envName: '',
  envPath: '/',
  path: '/bin/python',
  architecture: 3,
  sysVersion: '3.11.9 (main, Apr 10 2024, 13:16:36) [GCC 13.2.0]',
  version: {
    raw: '3.11.9',
    major: 3,
    minor: 11,
    patch: 9,
    build: [],
    prerelease: [ 'final', '0' ]
  },
  displayName: 'Python 3.11.9 64-bit',
  detailedDisplayName: 'Python 3.11.9 64-bit',
  type: undefined
} /root/.vscode/extensions/ms-python.python-2024.14.1-linux-x64/python_files/installed_check.py /home/kali/Desktop/GSANM/agent/ai/requirements.txt
2024-09-26 03:09:18.862 [info] > /bin/python ~/.vscode/extensions/ms-python.python-2024.14.1-linux-x64/python_files/installed_check.py ./agent/ai/requirements.txt
