2024-10-02 10:00:25.561 [info] Starting Python Locator /root/.vscode/extensions/ms-python.python-2024.14.1-linux-x64/python-env-tools/bin/pet server
2024-10-02 10:00:25.561 [info] Discovered env: /bin/python
2024-10-02 10:00:25.561 [info] Discovered env: /usr/bin/python
2024-10-02 10:00:25.561 [info] Discovered env: /bin/python2
2024-10-02 10:00:25.561 [info] Discovered env: /usr/bin/python2
2024-10-02 10:00:25.561 [info] Resolved /bin/python
2024-10-02 10:00:25.561 [info] Resolved /usr/bin/python2
2024-10-02 10:00:25.561 [info] Discovered env: /bin/python2.7
2024-10-02 10:00:25.561 [info] Discovered env: /usr/bin/python2.7
2024-10-02 10:00:25.561 [info] Resolved /bin/python2.7
2024-10-02 10:00:25.561 [info] Discovered env: /bin/python3
2024-10-02 10:00:25.561 [info] Resolved /usr/bin/python2.7
2024-10-02 10:00:25.561 [info] Discovered env: /usr/bin/python3
2024-10-02 10:00:25.561 [info] Discovered env: /bin/python3.11
2024-10-02 10:00:25.561 [info] Resolved /bin/python3
2024-10-02 10:00:25.561 [info] Discovered env: /usr/bin/python3.11
2024-10-02 10:00:25.561 [info] Locator Conda took 785.951625ms
2024-10-02 10:00:25.561 [info] Locator Homebrew took 100.093µs
2024-10-02 10:00:25.561 [info] Locator LinuxGlobal took 1.046485678s
2024-10-02 10:00:25.561 [info] Locator PipEnv took 19.735µs
2024-10-02 10:00:25.561 [info] Locator Poetry took 243.119µs
2024-10-02 10:00:25.561 [info] Locator PyEnv took 8.867215ms
2024-10-02 10:00:25.564 [info] Locator Venv took 19.1µs
2024-10-02 10:00:25.564 [info] Locator VirtualEnv took 17.287µs
2024-10-02 10:00:25.564 [info] Locator VirtualEnvWrapper took 16.984µs
2024-10-02 10:00:25.564 [info] Locator GlobalVirtualEnvs took 1.168684ms
2024-10-02 10:00:25.564 [info] Locator Locators took 1.064019284s
2024-10-02 10:00:25.565 [info] Locator Path took 1.354969523s
2024-10-02 10:00:25.565 [info] Locator Workspaces took 82.284828ms
2024-10-02 10:00:25.567 [info] Refresh completed in 1360ms
2024-10-02 10:00:25.575 [info] Resolved /bin/python3.11
2024-10-02 10:00:25.576 [info] Resolved /usr/bin/python3
2024-10-02 10:00:25.582 [info] Resolved /usr/bin/python3.11
